09:29:04 **** Build of configuration Debug for project project ****
make all 
'Building file: ../system/startup_ldf/app_IVT.s'
'Invoking: CrossCore SHARC Assembler'
easm21k -file-attr ProjectName="project" -proc ADSP-21489 -si-revision 0.2 -g -DCORE0 -D_DEBUG @includes-d4c4e9e707129e45ec10fba7d8ebfe91.txt -swc -gnu-style-dependencies -MM -Mo "system/startup_ldf/app_IVT.d" -o "system/startup_ldf/app_IVT.doj" "../system/startup_ldf/app_IVT.s"
'Finished building: ../system/startup_ldf/app_IVT.s'
' '
'Building file: ../system/startup_ldf/app_heaptab.c'
'Invoking: CrossCore SHARC C/C++ Compiler'
cc21k -c -file-attr ProjectName="project" -proc ADSP-21489 -flags-compiler --no_wrap_diagnostics -si-revision 0.2 -g -DCORE0 -D_DEBUG @includes-053fdfe95a233f7c8fb9f4a93ec8a990.txt -structs-do-not-overlap -no-const-strings -no-multiline -warn-protos -double-size-32 -swc -gnu-style-dependencies -MD -Mo "system/startup_ldf/app_heaptab.d" -o "system/startup_ldf/app_heaptab.doj" "../system/startup_ldf/app_heaptab.c"
'Finished building: ../system/startup_ldf/app_heaptab.c'
' '
'Building file: ../system/startup_ldf/app_startup.s'
'Invoking: CrossCore SHARC Assembler'
easm21k -file-attr ProjectName="project" -proc ADSP-21489 -si-revision 0.2 -g -DCORE0 -D_DEBUG @includes-d4c4e9e707129e45ec10fba7d8ebfe91.txt -swc -gnu-style-dependencies -MM -Mo "system/startup_ldf/app_startup.d" -o "system/startup_ldf/app_startup.doj" "../system/startup_ldf/app_startup.s"
'Finished building: ../system/startup_ldf/app_startup.s'
' '
'Building file: ../system/sru/sru_config.c'
'Invoking: CrossCore SHARC C/C++ Compiler'
cc21k -c -file-attr ProjectName="project" -proc ADSP-21489 -flags-compiler --no_wrap_diagnostics -si-revision 0.2 -g -DCORE0 -D_DEBUG @includes-053fdfe95a233f7c8fb9f4a93ec8a990.txt -structs-do-not-overlap -no-const-strings -no-multiline -warn-protos -double-size-32 -swc -gnu-style-dependencies -MD -Mo "system/sru/sru_config.d" -o "system/sru/sru_config.doj" "../system/sru/sru_config.c"
'Finished building: ../system/sru/sru_config.c'
' '
'Building file: ../system/adi_initialize.c'
'Invoking: CrossCore SHARC C/C++ Compiler'
cc21k -c -file-attr ProjectName="project" -proc ADSP-21489 -flags-compiler --no_wrap_diagnostics -si-revision 0.2 -g -DCORE0 -D_DEBUG @includes-053fdfe95a233f7c8fb9f4a93ec8a990.txt -structs-do-not-overlap -no-const-strings -no-multiline -warn-protos -double-size-32 -swc -gnu-style-dependencies -MD -Mo "system/adi_initialize.d" -o "system/adi_initialize.doj" "../system/adi_initialize.c"
'Finished building: ../system/adi_initialize.c'
' '
'Building file: ../src/project.c'
'Invoking: CrossCore SHARC C/C++ Compiler'
cc21k -c -file-attr ProjectName="project" -proc ADSP-21489 -flags-compiler --no_wrap_diagnostics -si-revision 0.2 -g -DCORE0 -D_DEBUG @includes-053fdfe95a233f7c8fb9f4a93ec8a990.txt -structs-do-not-overlap -no-const-strings -no-multiline -warn-protos -double-size-32 -swc -gnu-style-dependencies -MD -Mo "src/project.d" -o "src/project.doj" "../src/project.c"
'Finished building: ../src/project.c'
' '
'Building target: project.dxe'
'Invoking: CrossCore SHARC Linker'
cc21k -proc ADSP-21489 -si-revision 0.2 -T C:/Users/User/OneDrive/Desktop/final2/project/system/startup_ldf/app.ldf -no-mem -L C:/Users/User/OneDrive/Desktop/final2/project/Debug/system/startup_ldf -flags-link -MDCORE0,-MDDEBUG -add-debug-libpaths -o project.dxe @input-file.txt
[Error el1010]  Parsing error: Invalid PROCESSOR syntax

[Error el1011]  Syntax error (missingToken): '<end of input>' was unexpected

Linker finished with 2 errors 
cc3089: fatal error: Link failed (code:1)
make: *** [makefile:95: project.dxe] Error 1
09:29:43 **** Incremental Build of configuration Debug for project project ****
make all 
'Building file: ../system/startup_ldf/app_IVT.s'
'Invoking: CrossCore SHARC Assembler'
easm21k -file-attr ProjectName="project" -proc ADSP-21489 -si-revision 0.2 -g -DCORE0 -D_DEBUG @includes-d4c4e9e707129e45ec10fba7d8ebfe91.txt -swc -gnu-style-dependencies -MM -Mo "system/startup_ldf/app_IVT.d" -o "system/startup_ldf/app_IVT.doj" "../system/startup_ldf/app_IVT.s"
'Finished building: ../system/startup_ldf/app_IVT.s'
' '
'Building file: ../system/startup_ldf/app_heaptab.c'
'Invoking: CrossCore SHARC C/C++ Compiler'
cc21k -c -file-attr ProjectName="project" -proc ADSP-21489 -flags-compiler --no_wrap_diagnostics -si-revision 0.2 -g -DCORE0 -D_DEBUG @includes-053fdfe95a233f7c8fb9f4a93ec8a990.txt -structs-do-not-overlap -no-const-strings -no-multiline -warn-protos -double-size-32 -swc -gnu-style-dependencies -MD -Mo "system/startup_ldf/app_heaptab.d" -o "system/startup_ldf/app_heaptab.doj" "../system/startup_ldf/app_heaptab.c"
'Finished building: ../system/startup_ldf/app_heaptab.c'
' '
'Building file: ../system/startup_ldf/app_startup.s'
'Invoking: CrossCore SHARC Assembler'
easm21k -file-attr ProjectName="project" -proc ADSP-21489 -si-revision 0.2 -g -DCORE0 -D_DEBUG @includes-d4c4e9e707129e45ec10fba7d8ebfe91.txt -swc -gnu-style-dependencies -MM -Mo "system/startup_ldf/app_startup.d" -o "system/startup_ldf/app_startup.doj" "../system/startup_ldf/app_startup.s"
'Finished building: ../system/startup_ldf/app_startup.s'
' '
'Building file: ../system/sru/sru_config.c'
'Invoking: CrossCore SHARC C/C++ Compiler'
cc21k -c -file-attr ProjectName="project" -proc ADSP-21489 -flags-compiler --no_wrap_diagnostics -si-revision 0.2 -g -DCORE0 -D_DEBUG @includes-053fdfe95a233f7c8fb9f4a93ec8a990.txt -structs-do-not-overlap -no-const-strings -no-multiline -warn-protos -double-size-32 -swc -gnu-style-dependencies -MD -Mo "system/sru/sru_config.d" -o "system/sru/sru_config.doj" "../system/sru/sru_config.c"
'Finished building: ../system/sru/sru_config.c'
' '
'Building file: ../system/adi_initialize.c'
'Invoking: CrossCore SHARC C/C++ Compiler'
cc21k -c -file-attr ProjectName="project" -proc ADSP-21489 -flags-compiler --no_wrap_diagnostics -si-revision 0.2 -g -DCORE0 -D_DEBUG @includes-053fdfe95a233f7c8fb9f4a93ec8a990.txt -structs-do-not-overlap -no-const-strings -no-multiline -warn-protos -double-size-32 -swc -gnu-style-dependencies -MD -Mo "system/adi_initialize.d" -o "system/adi_initialize.doj" "../system/adi_initialize.c"
'Finished building: ../system/adi_initialize.c'
' '
'Building file: ../src/project.c'
'Invoking: CrossCore SHARC C/C++ Compiler'
cc21k -c -file-attr ProjectName="project" -proc ADSP-21489 -flags-compiler --no_wrap_diagnostics -si-revision 0.2 -g -DCORE0 -D_DEBUG @includes-053fdfe95a233f7c8fb9f4a93ec8a990.txt -structs-do-not-overlap -no-const-strings -no-multiline -warn-protos -double-size-32 -swc -gnu-style-dependencies -MD -Mo "src/project.d" -o "src/project.doj" "../src/project.c"
'Finished building: ../src/project.c'
' '
'Building target: project.dxe'
'Invoking: CrossCore SHARC Linker'
cc21k -proc ADSP-21489 -si-revision 0.2 -T C:/Users/User/OneDrive/Desktop/final2/project/system/startup_ldf/app.ldf -no-mem -L C:/Users/User/OneDrive/Desktop/final2/project/Debug/system/startup_ldf -flags-link -MDCORE0,-MDDEBUG -add-debug-libpaths -o project.dxe @input-file.txt
[Error el1013] "C:\Users\User\OneDrive\Desktop\final2\project\system\startup_ldf\app.ldf":550 Memory 'mem_dram' not found.

Linker finished with 1 error 
cc3089: fatal error: Link failed (code:1)
make: *** [makefile:95: project.dxe] Error 1
09:30:02 **** Incremental Build of configuration Debug for project project ****
make all 
'Building file: ../system/startup_ldf/app_IVT.s'
'Invoking: CrossCore SHARC Assembler'
easm21k -file-attr ProjectName="project" -proc ADSP-21489 -si-revision 0.2 -g -DCORE0 -D_DEBUG @includes-d4c4e9e707129e45ec10fba7d8ebfe91.txt -swc -gnu-style-dependencies -MM -Mo "system/startup_ldf/app_IVT.d" -o "system/startup_ldf/app_IVT.doj" "../system/startup_ldf/app_IVT.s"
'Finished building: ../system/startup_ldf/app_IVT.s'
' '
'Building file: ../system/startup_ldf/app_heaptab.c'
'Invoking: CrossCore SHARC C/C++ Compiler'
cc21k -c -file-attr ProjectName="project" -proc ADSP-21489 -flags-compiler --no_wrap_diagnostics -si-revision 0.2 -g -DCORE0 -D_DEBUG @includes-053fdfe95a233f7c8fb9f4a93ec8a990.txt -structs-do-not-overlap -no-const-strings -no-multiline -warn-protos -double-size-32 -swc -gnu-style-dependencies -MD -Mo "system/startup_ldf/app_heaptab.d" -o "system/startup_ldf/app_heaptab.doj" "../system/startup_ldf/app_heaptab.c"
'Finished building: ../system/startup_ldf/app_heaptab.c'
' '
'Building file: ../system/startup_ldf/app_startup.s'
'Invoking: CrossCore SHARC Assembler'
easm21k -file-attr ProjectName="project" -proc ADSP-21489 -si-revision 0.2 -g -DCORE0 -D_DEBUG @includes-d4c4e9e707129e45ec10fba7d8ebfe91.txt -swc -gnu-style-dependencies -MM -Mo "system/startup_ldf/app_startup.d" -o "system/startup_ldf/app_startup.doj" "../system/startup_ldf/app_startup.s"
'Finished building: ../system/startup_ldf/app_startup.s'
' '
'Building file: ../system/sru/sru_config.c'
'Invoking: CrossCore SHARC C/C++ Compiler'
cc21k -c -file-attr ProjectName="project" -proc ADSP-21489 -flags-compiler --no_wrap_diagnostics -si-revision 0.2 -g -DCORE0 -D_DEBUG @includes-053fdfe95a233f7c8fb9f4a93ec8a990.txt -structs-do-not-overlap -no-const-strings -no-multiline -warn-protos -double-size-32 -swc -gnu-style-dependencies -MD -Mo "system/sru/sru_config.d" -o "system/sru/sru_config.doj" "../system/sru/sru_config.c"
'Finished building: ../system/sru/sru_config.c'
' '
'Building file: ../system/adi_initialize.c'
'Invoking: CrossCore SHARC C/C++ Compiler'
cc21k -c -file-attr ProjectName="project" -proc ADSP-21489 -flags-compiler --no_wrap_diagnostics -si-revision 0.2 -g -DCORE0 -D_DEBUG @includes-053fdfe95a233f7c8fb9f4a93ec8a990.txt -structs-do-not-overlap -no-const-strings -no-multiline -warn-protos -double-size-32 -swc -gnu-style-dependencies -MD -Mo "system/adi_initialize.d" -o "system/adi_initialize.doj" "../system/adi_initialize.c"
'Finished building: ../system/adi_initialize.c'
' '
'Building file: ../src/project.c'
'Invoking: CrossCore SHARC C/C++ Compiler'
cc21k -c -file-attr ProjectName="project" -proc ADSP-21489 -flags-compiler --no_wrap_diagnostics -si-revision 0.2 -g -DCORE0 -D_DEBUG @includes-053fdfe95a233f7c8fb9f4a93ec8a990.txt -structs-do-not-overlap -no-const-strings -no-multiline -warn-protos -double-size-32 -swc -gnu-style-dependencies -MD -Mo "src/project.d" -o "src/project.doj" "../src/project.c"
'Finished building: ../src/project.c'
' '
'Building target: project.dxe'
'Invoking: CrossCore SHARC Linker'
cc21k -proc ADSP-21489 -si-revision 0.2 -T C:/Users/User/OneDrive/Desktop/final2/project/system/startup_ldf/app.ldf -no-mem -L C:/Users/User/OneDrive/Desktop/final2/project/Debug/system/startup_ldf -flags-link -MDCORE0,-MDDEBUG -add-debug-libpaths -o project.dxe @input-file.txt
'Finished building target: project.dxe'
' '
09:30:39 **** Incremental Build of configuration Debug for project project ****
make all 
'Building file: ../system/startup_ldf/app_IVT.s'
'Invoking: CrossCore SHARC Assembler'
easm21k -file-attr ProjectName="project" -proc ADSP-21489 -si-revision 0.2 -g -DCORE0 -D_DEBUG @includes-d4c4e9e707129e45ec10fba7d8ebfe91.txt -swc -gnu-style-dependencies -MM -Mo "system/startup_ldf/app_IVT.d" -o "system/startup_ldf/app_IVT.doj" "../system/startup_ldf/app_IVT.s"
'Finished building: ../system/startup_ldf/app_IVT.s'
' '
'Building file: ../system/startup_ldf/app_heaptab.c'
'Invoking: CrossCore SHARC C/C++ Compiler'
cc21k -c -file-attr ProjectName="project" -proc ADSP-21489 -flags-compiler --no_wrap_diagnostics -si-revision 0.2 -g -DCORE0 -D_DEBUG @includes-053fdfe95a233f7c8fb9f4a93ec8a990.txt -structs-do-not-overlap -no-const-strings -no-multiline -warn-protos -double-size-32 -swc -gnu-style-dependencies -MD -Mo "system/startup_ldf/app_heaptab.d" -o "system/startup_ldf/app_heaptab.doj" "../system/startup_ldf/app_heaptab.c"
'Finished building: ../system/startup_ldf/app_heaptab.c'
' '
'Building file: ../system/startup_ldf/app_startup.s'
'Invoking: CrossCore SHARC Assembler'
easm21k -file-attr ProjectName="project" -proc ADSP-21489 -si-revision 0.2 -g -DCORE0 -D_DEBUG @includes-d4c4e9e707129e45ec10fba7d8ebfe91.txt -swc -gnu-style-dependencies -MM -Mo "system/startup_ldf/app_startup.d" -o "system/startup_ldf/app_startup.doj" "../system/startup_ldf/app_startup.s"
'Finished building: ../system/startup_ldf/app_startup.s'
' '
'Building file: ../system/sru/sru_config.c'
'Invoking: CrossCore SHARC C/C++ Compiler'
cc21k -c -file-attr ProjectName="project" -proc ADSP-21489 -flags-compiler --no_wrap_diagnostics -si-revision 0.2 -g -DCORE0 -D_DEBUG @includes-053fdfe95a233f7c8fb9f4a93ec8a990.txt -structs-do-not-overlap -no-const-strings -no-multiline -warn-protos -double-size-32 -swc -gnu-style-dependencies -MD -Mo "system/sru/sru_config.d" -o "system/sru/sru_config.doj" "../system/sru/sru_config.c"
'Finished building: ../system/sru/sru_config.c'
' '
'Building file: ../system/adi_initialize.c'
'Invoking: CrossCore SHARC C/C++ Compiler'
cc21k -c -file-attr ProjectName="project" -proc ADSP-21489 -flags-compiler --no_wrap_diagnostics -si-revision 0.2 -g -DCORE0 -D_DEBUG @includes-053fdfe95a233f7c8fb9f4a93ec8a990.txt -structs-do-not-overlap -no-const-strings -no-multiline -warn-protos -double-size-32 -swc -gnu-style-dependencies -MD -Mo "system/adi_initialize.d" -o "system/adi_initialize.doj" "../system/adi_initialize.c"
'Finished building: ../system/adi_initialize.c'
' '
'Building file: ../src/project.c'
'Invoking: CrossCore SHARC C/C++ Compiler'
cc21k -c -file-attr ProjectName="project" -proc ADSP-21489 -flags-compiler --no_wrap_diagnostics -si-revision 0.2 -g -DCORE0 -D_DEBUG @includes-053fdfe95a233f7c8fb9f4a93ec8a990.txt -structs-do-not-overlap -no-const-strings -no-multiline -warn-protos -double-size-32 -swc -gnu-style-dependencies -MD -Mo "src/project.d" -o "src/project.doj" "../src/project.c"
'Finished building: ../src/project.c'
' '
'Building target: project.dxe'
'Invoking: CrossCore SHARC Linker'
cc21k -proc ADSP-21489 -si-revision 0.2 -T C:/Users/User/OneDrive/Desktop/final2/project/system/startup_ldf/app.ldf -no-mem -L C:/Users/User/OneDrive/Desktop/final2/project/Debug/system/startup_ldf -flags-link -MDCORE0,-MDDEBUG -add-debug-libpaths -o project.dxe @input-file.txt
'Finished building target: project.dxe'
' '
09:32:23 **** Incremental Build of configuration Debug for project project ****
make all 
'Building file: ../system/startup_ldf/app_IVT.s'
'Invoking: CrossCore SHARC Assembler'
easm21k -file-attr ProjectName="project" -proc ADSP-21489 -si-revision 0.2 -g -DCORE0 -D_DEBUG @includes-d4c4e9e707129e45ec10fba7d8ebfe91.txt -swc -gnu-style-dependencies -MM -Mo "system/startup_ldf/app_IVT.d" -o "system/startup_ldf/app_IVT.doj" "../system/startup_ldf/app_IVT.s"
'Finished building: ../system/startup_ldf/app_IVT.s'
' '
'Building file: ../system/startup_ldf/app_heaptab.c'
'Invoking: CrossCore SHARC C/C++ Compiler'
cc21k -c -file-attr ProjectName="project" -proc ADSP-21489 -flags-compiler --no_wrap_diagnostics -si-revision 0.2 -g -DCORE0 -D_DEBUG @includes-053fdfe95a233f7c8fb9f4a93ec8a990.txt -structs-do-not-overlap -no-const-strings -no-multiline -warn-protos -double-size-32 -swc -gnu-style-dependencies -MD -Mo "system/startup_ldf/app_heaptab.d" -o "system/startup_ldf/app_heaptab.doj" "../system/startup_ldf/app_heaptab.c"
'Finished building: ../system/startup_ldf/app_heaptab.c'
' '
'Building file: ../system/startup_ldf/app_startup.s'
'Invoking: CrossCore SHARC Assembler'
easm21k -file-attr ProjectName="project" -proc ADSP-21489 -si-revision 0.2 -g -DCORE0 -D_DEBUG @includes-d4c4e9e707129e45ec10fba7d8ebfe91.txt -swc -gnu-style-dependencies -MM -Mo "system/startup_ldf/app_startup.d" -o "system/startup_ldf/app_startup.doj" "../system/startup_ldf/app_startup.s"
'Finished building: ../system/startup_ldf/app_startup.s'
' '
'Building file: ../system/sru/sru_config.c'
'Invoking: CrossCore SHARC C/C++ Compiler'
cc21k -c -file-attr ProjectName="project" -proc ADSP-21489 -flags-compiler --no_wrap_diagnostics -si-revision 0.2 -g -DCORE0 -D_DEBUG @includes-053fdfe95a233f7c8fb9f4a93ec8a990.txt -structs-do-not-overlap -no-const-strings -no-multiline -warn-protos -double-size-32 -swc -gnu-style-dependencies -MD -Mo "system/sru/sru_config.d" -o "system/sru/sru_config.doj" "../system/sru/sru_config.c"
'Finished building: ../system/sru/sru_config.c'
' '
'Building file: ../system/adi_initialize.c'
'Invoking: CrossCore SHARC C/C++ Compiler'
cc21k -c -file-attr ProjectName="project" -proc ADSP-21489 -flags-compiler --no_wrap_diagnostics -si-revision 0.2 -g -DCORE0 -D_DEBUG @includes-053fdfe95a233f7c8fb9f4a93ec8a990.txt -structs-do-not-overlap -no-const-strings -no-multiline -warn-protos -double-size-32 -swc -gnu-style-dependencies -MD -Mo "system/adi_initialize.d" -o "system/adi_initialize.doj" "../system/adi_initialize.c"
'Finished building: ../system/adi_initialize.c'
' '
'Building file: ../src/project.c'
'Invoking: CrossCore SHARC C/C++ Compiler'
cc21k -c -file-attr ProjectName="project" -proc ADSP-21489 -flags-compiler --no_wrap_diagnostics -si-revision 0.2 -g -DCORE0 -D_DEBUG @includes-053fdfe95a233f7c8fb9f4a93ec8a990.txt -structs-do-not-overlap -no-const-strings -no-multiline -warn-protos -double-size-32 -swc -gnu-style-dependencies -MD -Mo "src/project.d" -o "src/project.doj" "../src/project.c"
"..\src\audio.h", line 7: cc0301: {D} warning: typedef name has already been declared (with same type)
  typedef float float32_t;
                ^

"..\src\project.c", line 109: cc0020:  error: identifier "print" is undefined
  		print
  		^

"..\src\project.c", line 110: cc0145:  error: variable "audio_output" may not be initialized
  		audio_output[i] = audio_data[i]*(1+depth*sinf(lfo_w*i));
  		^

2 errors detected in the compilation of "..\src\project.c".
cc3089: fatal error: Compilation failed (code:2)
make: *** [src/subdir.mk:20: src/project.doj] Error 1
09:32:40 **** Incremental Build of configuration Debug for project project ****
make all 
'Building file: ../system/startup_ldf/app_IVT.s'
'Invoking: CrossCore SHARC Assembler'
easm21k -file-attr ProjectName="project" -proc ADSP-21489 -si-revision 0.2 -g -DCORE0 -D_DEBUG @includes-d4c4e9e707129e45ec10fba7d8ebfe91.txt -swc -gnu-style-dependencies -MM -Mo "system/startup_ldf/app_IVT.d" -o "system/startup_ldf/app_IVT.doj" "../system/startup_ldf/app_IVT.s"
'Finished building: ../system/startup_ldf/app_IVT.s'
' '
'Building file: ../system/startup_ldf/app_heaptab.c'
'Invoking: CrossCore SHARC C/C++ Compiler'
cc21k -c -file-attr ProjectName="project" -proc ADSP-21489 -flags-compiler --no_wrap_diagnostics -si-revision 0.2 -g -DCORE0 -D_DEBUG @includes-053fdfe95a233f7c8fb9f4a93ec8a990.txt -structs-do-not-overlap -no-const-strings -no-multiline -warn-protos -double-size-32 -swc -gnu-style-dependencies -MD -Mo "system/startup_ldf/app_heaptab.d" -o "system/startup_ldf/app_heaptab.doj" "../system/startup_ldf/app_heaptab.c"
'Finished building: ../system/startup_ldf/app_heaptab.c'
' '
'Building file: ../system/startup_ldf/app_startup.s'
'Invoking: CrossCore SHARC Assembler'
easm21k -file-attr ProjectName="project" -proc ADSP-21489 -si-revision 0.2 -g -DCORE0 -D_DEBUG @includes-d4c4e9e707129e45ec10fba7d8ebfe91.txt -swc -gnu-style-dependencies -MM -Mo "system/startup_ldf/app_startup.d" -o "system/startup_ldf/app_startup.doj" "../system/startup_ldf/app_startup.s"
'Finished building: ../system/startup_ldf/app_startup.s'
' '
'Building file: ../system/sru/sru_config.c'
'Invoking: CrossCore SHARC C/C++ Compiler'
cc21k -c -file-attr ProjectName="project" -proc ADSP-21489 -flags-compiler --no_wrap_diagnostics -si-revision 0.2 -g -DCORE0 -D_DEBUG @includes-053fdfe95a233f7c8fb9f4a93ec8a990.txt -structs-do-not-overlap -no-const-strings -no-multiline -warn-protos -double-size-32 -swc -gnu-style-dependencies -MD -Mo "system/sru/sru_config.d" -o "system/sru/sru_config.doj" "../system/sru/sru_config.c"
'Finished building: ../system/sru/sru_config.c'
' '
'Building file: ../system/adi_initialize.c'
'Invoking: CrossCore SHARC C/C++ Compiler'
cc21k -c -file-attr ProjectName="project" -proc ADSP-21489 -flags-compiler --no_wrap_diagnostics -si-revision 0.2 -g -DCORE0 -D_DEBUG @includes-053fdfe95a233f7c8fb9f4a93ec8a990.txt -structs-do-not-overlap -no-const-strings -no-multiline -warn-protos -double-size-32 -swc -gnu-style-dependencies -MD -Mo "system/adi_initialize.d" -o "system/adi_initialize.doj" "../system/adi_initialize.c"
'Finished building: ../system/adi_initialize.c'
' '
'Building file: ../src/project.c'
'Invoking: CrossCore SHARC C/C++ Compiler'
cc21k -c -file-attr ProjectName="project" -proc ADSP-21489 -flags-compiler --no_wrap_diagnostics -si-revision 0.2 -g -DCORE0 -D_DEBUG @includes-053fdfe95a233f7c8fb9f4a93ec8a990.txt -structs-do-not-overlap -no-const-strings -no-multiline -warn-protos -double-size-32 -swc -gnu-style-dependencies -MD -Mo "src/project.d" -o "src/project.doj" "../src/project.c"
"..\src\audio.h", line 7: cc0301: {D} warning: typedef name has already been declared (with same type)
  typedef float float32_t;
                ^

'Finished building: ../src/project.c'
' '
'Building target: project.dxe'
'Invoking: CrossCore SHARC Linker'
cc21k -proc ADSP-21489 -si-revision 0.2 -T C:/Users/User/OneDrive/Desktop/final2/project/system/startup_ldf/app.ldf -no-mem -L C:/Users/User/OneDrive/Desktop/final2/project/Debug/system/startup_ldf -flags-link -MDCORE0,-MDDEBUG -add-debug-libpaths -o project.dxe @input-file.txt
'Finished building target: project.dxe'
' '
09:32:53 **** Incremental Build of configuration Debug for project project ****
make all 
'Building file: ../system/startup_ldf/app_IVT.s'
'Invoking: CrossCore SHARC Assembler'
easm21k -file-attr ProjectName="project" -proc ADSP-21489 -si-revision 0.2 -g -DCORE0 -D_DEBUG @includes-d4c4e9e707129e45ec10fba7d8ebfe91.txt -swc -gnu-style-dependencies -MM -Mo "system/startup_ldf/app_IVT.d" -o "system/startup_ldf/app_IVT.doj" "../system/startup_ldf/app_IVT.s"
'Finished building: ../system/startup_ldf/app_IVT.s'
' '
'Building file: ../system/startup_ldf/app_heaptab.c'
'Invoking: CrossCore SHARC C/C++ Compiler'
cc21k -c -file-attr ProjectName="project" -proc ADSP-21489 -flags-compiler --no_wrap_diagnostics -si-revision 0.2 -g -DCORE0 -D_DEBUG @includes-053fdfe95a233f7c8fb9f4a93ec8a990.txt -structs-do-not-overlap -no-const-strings -no-multiline -warn-protos -double-size-32 -swc -gnu-style-dependencies -MD -Mo "system/startup_ldf/app_heaptab.d" -o "system/startup_ldf/app_heaptab.doj" "../system/startup_ldf/app_heaptab.c"
'Finished building: ../system/startup_ldf/app_heaptab.c'
' '
'Building file: ../system/startup_ldf/app_startup.s'
'Invoking: CrossCore SHARC Assembler'
easm21k -file-attr ProjectName="project" -proc ADSP-21489 -si-revision 0.2 -g -DCORE0 -D_DEBUG @includes-d4c4e9e707129e45ec10fba7d8ebfe91.txt -swc -gnu-style-dependencies -MM -Mo "system/startup_ldf/app_startup.d" -o "system/startup_ldf/app_startup.doj" "../system/startup_ldf/app_startup.s"
'Finished building: ../system/startup_ldf/app_startup.s'
' '
'Building file: ../system/sru/sru_config.c'
'Invoking: CrossCore SHARC C/C++ Compiler'
cc21k -c -file-attr ProjectName="project" -proc ADSP-21489 -flags-compiler --no_wrap_diagnostics -si-revision 0.2 -g -DCORE0 -D_DEBUG @includes-053fdfe95a233f7c8fb9f4a93ec8a990.txt -structs-do-not-overlap -no-const-strings -no-multiline -warn-protos -double-size-32 -swc -gnu-style-dependencies -MD -Mo "system/sru/sru_config.d" -o "system/sru/sru_config.doj" "../system/sru/sru_config.c"
'Finished building: ../system/sru/sru_config.c'
' '
'Building file: ../system/adi_initialize.c'
'Invoking: CrossCore SHARC C/C++ Compiler'
cc21k -c -file-attr ProjectName="project" -proc ADSP-21489 -flags-compiler --no_wrap_diagnostics -si-revision 0.2 -g -DCORE0 -D_DEBUG @includes-053fdfe95a233f7c8fb9f4a93ec8a990.txt -structs-do-not-overlap -no-const-strings -no-multiline -warn-protos -double-size-32 -swc -gnu-style-dependencies -MD -Mo "system/adi_initialize.d" -o "system/adi_initialize.doj" "../system/adi_initialize.c"
'Finished building: ../system/adi_initialize.c'
' '
'Building file: ../src/project.c'
'Invoking: CrossCore SHARC C/C++ Compiler'
cc21k -c -file-attr ProjectName="project" -proc ADSP-21489 -flags-compiler --no_wrap_diagnostics -si-revision 0.2 -g -DCORE0 -D_DEBUG @includes-053fdfe95a233f7c8fb9f4a93ec8a990.txt -structs-do-not-overlap -no-const-strings -no-multiline -warn-protos -double-size-32 -swc -gnu-style-dependencies -MD -Mo "src/project.d" -o "src/project.doj" "../src/project.c"
"..\src\audio.h", line 7: cc0301: {D} warning: typedef name has already been declared (with same type)
  typedef float float32_t;
                ^

'Finished building: ../src/project.c'
' '
'Building target: project.dxe'
'Invoking: CrossCore SHARC Linker'
cc21k -proc ADSP-21489 -si-revision 0.2 -T C:/Users/User/OneDrive/Desktop/final2/project/system/startup_ldf/app.ldf -no-mem -L C:/Users/User/OneDrive/Desktop/final2/project/Debug/system/startup_ldf -flags-link -MDCORE0,-MDDEBUG -add-debug-libpaths -o project.dxe @input-file.txt
'Finished building target: project.dxe'
' '
09:33:10 **** Incremental Build of configuration Debug for project project ****
make all 
'Building file: ../system/startup_ldf/app_IVT.s'
'Invoking: CrossCore SHARC Assembler'
easm21k -file-attr ProjectName="project" -proc ADSP-21489 -si-revision 0.2 -g -DCORE0 -D_DEBUG @includes-d4c4e9e707129e45ec10fba7d8ebfe91.txt -swc -gnu-style-dependencies -MM -Mo "system/startup_ldf/app_IVT.d" -o "system/startup_ldf/app_IVT.doj" "../system/startup_ldf/app_IVT.s"
'Finished building: ../system/startup_ldf/app_IVT.s'
' '
'Building file: ../system/startup_ldf/app_heaptab.c'
'Invoking: CrossCore SHARC C/C++ Compiler'
cc21k -c -file-attr ProjectName="project" -proc ADSP-21489 -flags-compiler --no_wrap_diagnostics -si-revision 0.2 -g -DCORE0 -D_DEBUG @includes-053fdfe95a233f7c8fb9f4a93ec8a990.txt -structs-do-not-overlap -no-const-strings -no-multiline -warn-protos -double-size-32 -swc -gnu-style-dependencies -MD -Mo "system/startup_ldf/app_heaptab.d" -o "system/startup_ldf/app_heaptab.doj" "../system/startup_ldf/app_heaptab.c"
'Finished building: ../system/startup_ldf/app_heaptab.c'
' '
'Building file: ../system/startup_ldf/app_startup.s'
'Invoking: CrossCore SHARC Assembler'
easm21k -file-attr ProjectName="project" -proc ADSP-21489 -si-revision 0.2 -g -DCORE0 -D_DEBUG @includes-d4c4e9e707129e45ec10fba7d8ebfe91.txt -swc -gnu-style-dependencies -MM -Mo "system/startup_ldf/app_startup.d" -o "system/startup_ldf/app_startup.doj" "../system/startup_ldf/app_startup.s"
'Finished building: ../system/startup_ldf/app_startup.s'
' '
'Building file: ../system/sru/sru_config.c'
'Invoking: CrossCore SHARC C/C++ Compiler'
cc21k -c -file-attr ProjectName="project" -proc ADSP-21489 -flags-compiler --no_wrap_diagnostics -si-revision 0.2 -g -DCORE0 -D_DEBUG @includes-053fdfe95a233f7c8fb9f4a93ec8a990.txt -structs-do-not-overlap -no-const-strings -no-multiline -warn-protos -double-size-32 -swc -gnu-style-dependencies -MD -Mo "system/sru/sru_config.d" -o "system/sru/sru_config.doj" "../system/sru/sru_config.c"
'Finished building: ../system/sru/sru_config.c'
' '
'Building file: ../system/adi_initialize.c'
'Invoking: CrossCore SHARC C/C++ Compiler'
cc21k -c -file-attr ProjectName="project" -proc ADSP-21489 -flags-compiler --no_wrap_diagnostics -si-revision 0.2 -g -DCORE0 -D_DEBUG @includes-053fdfe95a233f7c8fb9f4a93ec8a990.txt -structs-do-not-overlap -no-const-strings -no-multiline -warn-protos -double-size-32 -swc -gnu-style-dependencies -MD -Mo "system/adi_initialize.d" -o "system/adi_initialize.doj" "../system/adi_initialize.c"
'Finished building: ../system/adi_initialize.c'
' '
'Building file: ../src/project.c'
'Invoking: CrossCore SHARC C/C++ Compiler'
cc21k -c -file-attr ProjectName="project" -proc ADSP-21489 -flags-compiler --no_wrap_diagnostics -si-revision 0.2 -g -DCORE0 -D_DEBUG @includes-053fdfe95a233f7c8fb9f4a93ec8a990.txt -structs-do-not-overlap -no-const-strings -no-multiline -warn-protos -double-size-32 -swc -gnu-style-dependencies -MD -Mo "src/project.d" -o "src/project.doj" "../src/project.c"
"..\src\audio.h", line 7: cc0301: {D} warning: typedef name has already been declared (with same type)
  typedef float float32_t;
                ^

'Finished building: ../src/project.c'
' '
'Building target: project.dxe'
'Invoking: CrossCore SHARC Linker'
cc21k -proc ADSP-21489 -si-revision 0.2 -T C:/Users/User/OneDrive/Desktop/final2/project/system/startup_ldf/app.ldf -no-mem -L C:/Users/User/OneDrive/Desktop/final2/project/Debug/system/startup_ldf -flags-link -MDCORE0,-MDDEBUG -add-debug-libpaths -o project.dxe @input-file.txt
'Finished building target: project.dxe'
' '
09:34:22 **** Incremental Build of configuration Debug for project project ****
make all 
'Building file: ../system/startup_ldf/app_IVT.s'
'Invoking: CrossCore SHARC Assembler'
easm21k -file-attr ProjectName="project" -proc ADSP-21489 -si-revision 0.2 -g -DCORE0 -D_DEBUG @includes-d4c4e9e707129e45ec10fba7d8ebfe91.txt -swc -gnu-style-dependencies -MM -Mo "system/startup_ldf/app_IVT.d" -o "system/startup_ldf/app_IVT.doj" "../system/startup_ldf/app_IVT.s"
'Finished building: ../system/startup_ldf/app_IVT.s'
' '
'Building file: ../system/startup_ldf/app_heaptab.c'
'Invoking: CrossCore SHARC C/C++ Compiler'
cc21k -c -file-attr ProjectName="project" -proc ADSP-21489 -flags-compiler --no_wrap_diagnostics -si-revision 0.2 -g -DCORE0 -D_DEBUG @includes-053fdfe95a233f7c8fb9f4a93ec8a990.txt -structs-do-not-overlap -no-const-strings -no-multiline -warn-protos -double-size-32 -swc -gnu-style-dependencies -MD -Mo "system/startup_ldf/app_heaptab.d" -o "system/startup_ldf/app_heaptab.doj" "../system/startup_ldf/app_heaptab.c"
'Finished building: ../system/startup_ldf/app_heaptab.c'
' '
'Building file: ../system/startup_ldf/app_startup.s'
'Invoking: CrossCore SHARC Assembler'
easm21k -file-attr ProjectName="project" -proc ADSP-21489 -si-revision 0.2 -g -DCORE0 -D_DEBUG @includes-d4c4e9e707129e45ec10fba7d8ebfe91.txt -swc -gnu-style-dependencies -MM -Mo "system/startup_ldf/app_startup.d" -o "system/startup_ldf/app_startup.doj" "../system/startup_ldf/app_startup.s"
'Finished building: ../system/startup_ldf/app_startup.s'
' '
'Building file: ../system/sru/sru_config.c'
'Invoking: CrossCore SHARC C/C++ Compiler'
cc21k -c -file-attr ProjectName="project" -proc ADSP-21489 -flags-compiler --no_wrap_diagnostics -si-revision 0.2 -g -DCORE0 -D_DEBUG @includes-053fdfe95a233f7c8fb9f4a93ec8a990.txt -structs-do-not-overlap -no-const-strings -no-multiline -warn-protos -double-size-32 -swc -gnu-style-dependencies -MD -Mo "system/sru/sru_config.d" -o "system/sru/sru_config.doj" "../system/sru/sru_config.c"
'Finished building: ../system/sru/sru_config.c'
' '
'Building file: ../system/adi_initialize.c'
'Invoking: CrossCore SHARC C/C++ Compiler'
cc21k -c -file-attr ProjectName="project" -proc ADSP-21489 -flags-compiler --no_wrap_diagnostics -si-revision 0.2 -g -DCORE0 -D_DEBUG @includes-053fdfe95a233f7c8fb9f4a93ec8a990.txt -structs-do-not-overlap -no-const-strings -no-multiline -warn-protos -double-size-32 -swc -gnu-style-dependencies -MD -Mo "system/adi_initialize.d" -o "system/adi_initialize.doj" "../system/adi_initialize.c"
'Finished building: ../system/adi_initialize.c'
' '
'Building file: ../src/project.c'
'Invoking: CrossCore SHARC C/C++ Compiler'
cc21k -c -file-attr ProjectName="project" -proc ADSP-21489 -flags-compiler --no_wrap_diagnostics -si-revision 0.2 -g -DCORE0 -D_DEBUG @includes-053fdfe95a233f7c8fb9f4a93ec8a990.txt -structs-do-not-overlap -no-const-strings -no-multiline -warn-protos -double-size-32 -swc -gnu-style-dependencies -MD -Mo "src/project.d" -o "src/project.doj" "../src/project.c"
'Finished building: ../src/project.c'
' '
'Building target: project.dxe'
'Invoking: CrossCore SHARC Linker'
cc21k -proc ADSP-21489 -si-revision 0.2 -T C:/Users/User/OneDrive/Desktop/final2/project/system/startup_ldf/app.ldf -no-mem -L C:/Users/User/OneDrive/Desktop/final2/project/Debug/system/startup_ldf -flags-link -MDCORE0,-MDDEBUG -add-debug-libpaths -o project.dxe @input-file.txt
'Finished building target: project.dxe'
' '
09:34:35 **** Incremental Build of configuration Debug for project project ****
make all 
'Building file: ../system/startup_ldf/app_IVT.s'
'Invoking: CrossCore SHARC Assembler'
easm21k -file-attr ProjectName="project" -proc ADSP-21489 -si-revision 0.2 -g -DCORE0 -D_DEBUG @includes-d4c4e9e707129e45ec10fba7d8ebfe91.txt -swc -gnu-style-dependencies -MM -Mo "system/startup_ldf/app_IVT.d" -o "system/startup_ldf/app_IVT.doj" "../system/startup_ldf/app_IVT.s"
'Finished building: ../system/startup_ldf/app_IVT.s'
' '
'Building file: ../system/startup_ldf/app_heaptab.c'
'Invoking: CrossCore SHARC C/C++ Compiler'
cc21k -c -file-attr ProjectName="project" -proc ADSP-21489 -flags-compiler --no_wrap_diagnostics -si-revision 0.2 -g -DCORE0 -D_DEBUG @includes-053fdfe95a233f7c8fb9f4a93ec8a990.txt -structs-do-not-overlap -no-const-strings -no-multiline -warn-protos -double-size-32 -swc -gnu-style-dependencies -MD -Mo "system/startup_ldf/app_heaptab.d" -o "system/startup_ldf/app_heaptab.doj" "../system/startup_ldf/app_heaptab.c"
'Finished building: ../system/startup_ldf/app_heaptab.c'
' '
'Building file: ../system/startup_ldf/app_startup.s'
'Invoking: CrossCore SHARC Assembler'
easm21k -file-attr ProjectName="project" -proc ADSP-21489 -si-revision 0.2 -g -DCORE0 -D_DEBUG @includes-d4c4e9e707129e45ec10fba7d8ebfe91.txt -swc -gnu-style-dependencies -MM -Mo "system/startup_ldf/app_startup.d" -o "system/startup_ldf/app_startup.doj" "../system/startup_ldf/app_startup.s"
'Finished building: ../system/startup_ldf/app_startup.s'
' '
'Building file: ../system/sru/sru_config.c'
'Invoking: CrossCore SHARC C/C++ Compiler'
cc21k -c -file-attr ProjectName="project" -proc ADSP-21489 -flags-compiler --no_wrap_diagnostics -si-revision 0.2 -g -DCORE0 -D_DEBUG @includes-053fdfe95a233f7c8fb9f4a93ec8a990.txt -structs-do-not-overlap -no-const-strings -no-multiline -warn-protos -double-size-32 -swc -gnu-style-dependencies -MD -Mo "system/sru/sru_config.d" -o "system/sru/sru_config.doj" "../system/sru/sru_config.c"
'Finished building: ../system/sru/sru_config.c'
' '
'Building file: ../system/adi_initialize.c'
'Invoking: CrossCore SHARC C/C++ Compiler'
cc21k -c -file-attr ProjectName="project" -proc ADSP-21489 -flags-compiler --no_wrap_diagnostics -si-revision 0.2 -g -DCORE0 -D_DEBUG @includes-053fdfe95a233f7c8fb9f4a93ec8a990.txt -structs-do-not-overlap -no-const-strings -no-multiline -warn-protos -double-size-32 -swc -gnu-style-dependencies -MD -Mo "system/adi_initialize.d" -o "system/adi_initialize.doj" "../system/adi_initialize.c"
'Finished building: ../system/adi_initialize.c'
' '
'Building file: ../src/project.c'
'Invoking: CrossCore SHARC C/C++ Compiler'
cc21k -c -file-attr ProjectName="project" -proc ADSP-21489 -flags-compiler --no_wrap_diagnostics -si-revision 0.2 -g -DCORE0 -D_DEBUG @includes-053fdfe95a233f7c8fb9f4a93ec8a990.txt -structs-do-not-overlap -no-const-strings -no-multiline -warn-protos -double-size-32 -swc -gnu-style-dependencies -MD -Mo "src/project.d" -o "src/project.doj" "../src/project.c"
'Finished building: ../src/project.c'
' '
'Building target: project.dxe'
'Invoking: CrossCore SHARC Linker'
cc21k -proc ADSP-21489 -si-revision 0.2 -T C:/Users/User/OneDrive/Desktop/final2/project/system/startup_ldf/app.ldf -no-mem -L C:/Users/User/OneDrive/Desktop/final2/project/Debug/system/startup_ldf -flags-link -MDCORE0,-MDDEBUG -add-debug-libpaths -o project.dxe @input-file.txt
'Finished building target: project.dxe'
' '
09:57:18 **** Incremental Build of configuration Debug for project project ****
make all 
'Building file: ../system/startup_ldf/app_IVT.s'
'Invoking: CrossCore SHARC Assembler'
easm21k -file-attr ProjectName="project" -proc ADSP-21489 -si-revision 0.2 -g -DCORE0 -D_DEBUG @includes-d4c4e9e707129e45ec10fba7d8ebfe91.txt -swc -gnu-style-dependencies -MM -Mo "system/startup_ldf/app_IVT.d" -o "system/startup_ldf/app_IVT.doj" "../system/startup_ldf/app_IVT.s"
'Finished building: ../system/startup_ldf/app_IVT.s'
' '
'Building file: ../system/startup_ldf/app_heaptab.c'
'Invoking: CrossCore SHARC C/C++ Compiler'
cc21k -c -file-attr ProjectName="project" -proc ADSP-21489 -flags-compiler --no_wrap_diagnostics -si-revision 0.2 -g -DCORE0 -D_DEBUG @includes-053fdfe95a233f7c8fb9f4a93ec8a990.txt -structs-do-not-overlap -no-const-strings -no-multiline -warn-protos -double-size-32 -swc -gnu-style-dependencies -MD -Mo "system/startup_ldf/app_heaptab.d" -o "system/startup_ldf/app_heaptab.doj" "../system/startup_ldf/app_heaptab.c"
'Finished building: ../system/startup_ldf/app_heaptab.c'
' '
'Building file: ../system/startup_ldf/app_startup.s'
'Invoking: CrossCore SHARC Assembler'
easm21k -file-attr ProjectName="project" -proc ADSP-21489 -si-revision 0.2 -g -DCORE0 -D_DEBUG @includes-d4c4e9e707129e45ec10fba7d8ebfe91.txt -swc -gnu-style-dependencies -MM -Mo "system/startup_ldf/app_startup.d" -o "system/startup_ldf/app_startup.doj" "../system/startup_ldf/app_startup.s"
'Finished building: ../system/startup_ldf/app_startup.s'
' '
'Building file: ../system/sru/sru_config.c'
'Invoking: CrossCore SHARC C/C++ Compiler'
cc21k -c -file-attr ProjectName="project" -proc ADSP-21489 -flags-compiler --no_wrap_diagnostics -si-revision 0.2 -g -DCORE0 -D_DEBUG @includes-053fdfe95a233f7c8fb9f4a93ec8a990.txt -structs-do-not-overlap -no-const-strings -no-multiline -warn-protos -double-size-32 -swc -gnu-style-dependencies -MD -Mo "system/sru/sru_config.d" -o "system/sru/sru_config.doj" "../system/sru/sru_config.c"
'Finished building: ../system/sru/sru_config.c'
' '
'Building file: ../system/adi_initialize.c'
'Invoking: CrossCore SHARC C/C++ Compiler'
cc21k -c -file-attr ProjectName="project" -proc ADSP-21489 -flags-compiler --no_wrap_diagnostics -si-revision 0.2 -g -DCORE0 -D_DEBUG @includes-053fdfe95a233f7c8fb9f4a93ec8a990.txt -structs-do-not-overlap -no-const-strings -no-multiline -warn-protos -double-size-32 -swc -gnu-style-dependencies -MD -Mo "system/adi_initialize.d" -o "system/adi_initialize.doj" "../system/adi_initialize.c"
'Finished building: ../system/adi_initialize.c'
' '
'Building file: ../src/project.c'
'Invoking: CrossCore SHARC C/C++ Compiler'
cc21k -c -file-attr ProjectName="project" -proc ADSP-21489 -flags-compiler --no_wrap_diagnostics -si-revision 0.2 -g -DCORE0 -D_DEBUG @includes-053fdfe95a233f7c8fb9f4a93ec8a990.txt -structs-do-not-overlap -no-const-strings -no-multiline -warn-protos -double-size-32 -swc -gnu-style-dependencies -MD -Mo "src/project.d" -o "src/project.doj" "../src/project.c"
'Finished building: ../src/project.c'
' '
'Building target: project.dxe'
'Invoking: CrossCore SHARC Linker'
cc21k -proc ADSP-21489 -si-revision 0.2 -T C:/Users/User/OneDrive/Desktop/final2/project/system/startup_ldf/app.ldf -no-mem -L C:/Users/User/OneDrive/Desktop/final2/project/Debug/system/startup_ldf -flags-link -MDCORE0,-MDDEBUG -add-debug-libpaths -o project.dxe @input-file.txt
'Finished building target: project.dxe'
' '
09:57:53 **** Incremental Build of configuration Debug for project project ****
make all 
'Building file: ../system/startup_ldf/app_IVT.s'
'Invoking: CrossCore SHARC Assembler'
easm21k -file-attr ProjectName="project" -proc ADSP-21489 -si-revision 0.2 -g -DCORE0 -D_DEBUG @includes-d4c4e9e707129e45ec10fba7d8ebfe91.txt -swc -gnu-style-dependencies -MM -Mo "system/startup_ldf/app_IVT.d" -o "system/startup_ldf/app_IVT.doj" "../system/startup_ldf/app_IVT.s"
'Finished building: ../system/startup_ldf/app_IVT.s'
' '
'Building file: ../system/startup_ldf/app_heaptab.c'
'Invoking: CrossCore SHARC C/C++ Compiler'
cc21k -c -file-attr ProjectName="project" -proc ADSP-21489 -flags-compiler --no_wrap_diagnostics -si-revision 0.2 -g -DCORE0 -D_DEBUG @includes-053fdfe95a233f7c8fb9f4a93ec8a990.txt -structs-do-not-overlap -no-const-strings -no-multiline -warn-protos -double-size-32 -swc -gnu-style-dependencies -MD -Mo "system/startup_ldf/app_heaptab.d" -o "system/startup_ldf/app_heaptab.doj" "../system/startup_ldf/app_heaptab.c"
'Finished building: ../system/startup_ldf/app_heaptab.c'
' '
'Building file: ../system/startup_ldf/app_startup.s'
'Invoking: CrossCore SHARC Assembler'
easm21k -file-attr ProjectName="project" -proc ADSP-21489 -si-revision 0.2 -g -DCORE0 -D_DEBUG @includes-d4c4e9e707129e45ec10fba7d8ebfe91.txt -swc -gnu-style-dependencies -MM -Mo "system/startup_ldf/app_startup.d" -o "system/startup_ldf/app_startup.doj" "../system/startup_ldf/app_startup.s"
'Finished building: ../system/startup_ldf/app_startup.s'
' '
'Building file: ../system/sru/sru_config.c'
'Invoking: CrossCore SHARC C/C++ Compiler'
cc21k -c -file-attr ProjectName="project" -proc ADSP-21489 -flags-compiler --no_wrap_diagnostics -si-revision 0.2 -g -DCORE0 -D_DEBUG @includes-053fdfe95a233f7c8fb9f4a93ec8a990.txt -structs-do-not-overlap -no-const-strings -no-multiline -warn-protos -double-size-32 -swc -gnu-style-dependencies -MD -Mo "system/sru/sru_config.d" -o "system/sru/sru_config.doj" "../system/sru/sru_config.c"
'Finished building: ../system/sru/sru_config.c'
' '
'Building file: ../system/adi_initialize.c'
'Invoking: CrossCore SHARC C/C++ Compiler'
cc21k -c -file-attr ProjectName="project" -proc ADSP-21489 -flags-compiler --no_wrap_diagnostics -si-revision 0.2 -g -DCORE0 -D_DEBUG @includes-053fdfe95a233f7c8fb9f4a93ec8a990.txt -structs-do-not-overlap -no-const-strings -no-multiline -warn-protos -double-size-32 -swc -gnu-style-dependencies -MD -Mo "system/adi_initialize.d" -o "system/adi_initialize.doj" "../system/adi_initialize.c"
'Finished building: ../system/adi_initialize.c'
' '
'Building file: ../src/project.c'
'Invoking: CrossCore SHARC C/C++ Compiler'
cc21k -c -file-attr ProjectName="project" -proc ADSP-21489 -flags-compiler --no_wrap_diagnostics -si-revision 0.2 -g -DCORE0 -D_DEBUG @includes-053fdfe95a233f7c8fb9f4a93ec8a990.txt -structs-do-not-overlap -no-const-strings -no-multiline -warn-protos -double-size-32 -swc -gnu-style-dependencies -MD -Mo "src/project.d" -o "src/project.doj" "../src/project.c"
'Finished building: ../src/project.c'
' '
'Building target: project.dxe'
'Invoking: CrossCore SHARC Linker'
cc21k -proc ADSP-21489 -si-revision 0.2 -T C:/Users/User/OneDrive/Desktop/final2/project/system/startup_ldf/app.ldf -no-mem -L C:/Users/User/OneDrive/Desktop/final2/project/Debug/system/startup_ldf -flags-link -MDCORE0,-MDDEBUG -add-debug-libpaths -o project.dxe @input-file.txt
'Finished building target: project.dxe'
' '
09:58:49 **** Incremental Build of configuration Debug for project project ****
make all 
'Building file: ../system/startup_ldf/app_IVT.s'
'Invoking: CrossCore SHARC Assembler'
easm21k -file-attr ProjectName="project" -proc ADSP-21489 -si-revision 0.2 -g -DCORE0 -D_DEBUG @includes-d4c4e9e707129e45ec10fba7d8ebfe91.txt -swc -gnu-style-dependencies -MM -Mo "system/startup_ldf/app_IVT.d" -o "system/startup_ldf/app_IVT.doj" "../system/startup_ldf/app_IVT.s"
'Finished building: ../system/startup_ldf/app_IVT.s'
' '
'Building file: ../system/startup_ldf/app_heaptab.c'
'Invoking: CrossCore SHARC C/C++ Compiler'
cc21k -c -file-attr ProjectName="project" -proc ADSP-21489 -flags-compiler --no_wrap_diagnostics -si-revision 0.2 -g -DCORE0 -D_DEBUG @includes-053fdfe95a233f7c8fb9f4a93ec8a990.txt -structs-do-not-overlap -no-const-strings -no-multiline -warn-protos -double-size-32 -swc -gnu-style-dependencies -MD -Mo "system/startup_ldf/app_heaptab.d" -o "system/startup_ldf/app_heaptab.doj" "../system/startup_ldf/app_heaptab.c"
'Finished building: ../system/startup_ldf/app_heaptab.c'
' '
'Building file: ../system/startup_ldf/app_startup.s'
'Invoking: CrossCore SHARC Assembler'
easm21k -file-attr ProjectName="project" -proc ADSP-21489 -si-revision 0.2 -g -DCORE0 -D_DEBUG @includes-d4c4e9e707129e45ec10fba7d8ebfe91.txt -swc -gnu-style-dependencies -MM -Mo "system/startup_ldf/app_startup.d" -o "system/startup_ldf/app_startup.doj" "../system/startup_ldf/app_startup.s"
'Finished building: ../system/startup_ldf/app_startup.s'
' '
'Building file: ../system/sru/sru_config.c'
'Invoking: CrossCore SHARC C/C++ Compiler'
cc21k -c -file-attr ProjectName="project" -proc ADSP-21489 -flags-compiler --no_wrap_diagnostics -si-revision 0.2 -g -DCORE0 -D_DEBUG @includes-053fdfe95a233f7c8fb9f4a93ec8a990.txt -structs-do-not-overlap -no-const-strings -no-multiline -warn-protos -double-size-32 -swc -gnu-style-dependencies -MD -Mo "system/sru/sru_config.d" -o "system/sru/sru_config.doj" "../system/sru/sru_config.c"
'Finished building: ../system/sru/sru_config.c'
' '
'Building file: ../system/adi_initialize.c'
'Invoking: CrossCore SHARC C/C++ Compiler'
cc21k -c -file-attr ProjectName="project" -proc ADSP-21489 -flags-compiler --no_wrap_diagnostics -si-revision 0.2 -g -DCORE0 -D_DEBUG @includes-053fdfe95a233f7c8fb9f4a93ec8a990.txt -structs-do-not-overlap -no-const-strings -no-multiline -warn-protos -double-size-32 -swc -gnu-style-dependencies -MD -Mo "system/adi_initialize.d" -o "system/adi_initialize.doj" "../system/adi_initialize.c"
'Finished building: ../system/adi_initialize.c'
' '
'Building file: ../src/project.c'
'Invoking: CrossCore SHARC C/C++ Compiler'
cc21k -c -file-attr ProjectName="project" -proc ADSP-21489 -flags-compiler --no_wrap_diagnostics -si-revision 0.2 -g -DCORE0 -D_DEBUG @includes-053fdfe95a233f7c8fb9f4a93ec8a990.txt -structs-do-not-overlap -no-const-strings -no-multiline -warn-protos -double-size-32 -swc -gnu-style-dependencies -MD -Mo "src/project.d" -o "src/project.doj" "../src/project.c"
'Finished building: ../src/project.c'
' '
'Building target: project.dxe'
'Invoking: CrossCore SHARC Linker'
cc21k -proc ADSP-21489 -si-revision 0.2 -T C:/Users/User/OneDrive/Desktop/final2/project/system/startup_ldf/app.ldf -no-mem -L C:/Users/User/OneDrive/Desktop/final2/project/Debug/system/startup_ldf -flags-link -MDCORE0,-MDDEBUG -add-debug-libpaths -o project.dxe @input-file.txt
'Finished building target: project.dxe'
' '
14:26:35 **** Incremental Build of configuration Debug for project project ****
make all 
'Building file: ../system/startup_ldf/app_IVT.s'
'Invoking: CrossCore SHARC Assembler'
easm21k -file-attr ProjectName="project" -proc ADSP-21489 -si-revision 0.2 -g -DCORE0 -D_DEBUG @includes-d4c4e9e707129e45ec10fba7d8ebfe91.txt -swc -gnu-style-dependencies -MM -Mo "system/startup_ldf/app_IVT.d" -o "system/startup_ldf/app_IVT.doj" "../system/startup_ldf/app_IVT.s"
'Finished building: ../system/startup_ldf/app_IVT.s'
' '
'Building file: ../system/startup_ldf/app_heaptab.c'
'Invoking: CrossCore SHARC C/C++ Compiler'
cc21k -c -file-attr ProjectName="project" -proc ADSP-21489 -flags-compiler --no_wrap_diagnostics -si-revision 0.2 -g -DCORE0 -D_DEBUG @includes-053fdfe95a233f7c8fb9f4a93ec8a990.txt -structs-do-not-overlap -no-const-strings -no-multiline -warn-protos -double-size-32 -swc -gnu-style-dependencies -MD -Mo "system/startup_ldf/app_heaptab.d" -o "system/startup_ldf/app_heaptab.doj" "../system/startup_ldf/app_heaptab.c"
'Finished building: ../system/startup_ldf/app_heaptab.c'
' '
'Building file: ../system/startup_ldf/app_startup.s'
'Invoking: CrossCore SHARC Assembler'
easm21k -file-attr ProjectName="project" -proc ADSP-21489 -si-revision 0.2 -g -DCORE0 -D_DEBUG @includes-d4c4e9e707129e45ec10fba7d8ebfe91.txt -swc -gnu-style-dependencies -MM -Mo "system/startup_ldf/app_startup.d" -o "system/startup_ldf/app_startup.doj" "../system/startup_ldf/app_startup.s"
'Finished building: ../system/startup_ldf/app_startup.s'
' '
'Building file: ../system/sru/sru_config.c'
'Invoking: CrossCore SHARC C/C++ Compiler'
cc21k -c -file-attr ProjectName="project" -proc ADSP-21489 -flags-compiler --no_wrap_diagnostics -si-revision 0.2 -g -DCORE0 -D_DEBUG @includes-053fdfe95a233f7c8fb9f4a93ec8a990.txt -structs-do-not-overlap -no-const-strings -no-multiline -warn-protos -double-size-32 -swc -gnu-style-dependencies -MD -Mo "system/sru/sru_config.d" -o "system/sru/sru_config.doj" "../system/sru/sru_config.c"
'Finished building: ../system/sru/sru_config.c'
' '
'Building file: ../system/adi_initialize.c'
'Invoking: CrossCore SHARC C/C++ Compiler'
cc21k -c -file-attr ProjectName="project" -proc ADSP-21489 -flags-compiler --no_wrap_diagnostics -si-revision 0.2 -g -DCORE0 -D_DEBUG @includes-053fdfe95a233f7c8fb9f4a93ec8a990.txt -structs-do-not-overlap -no-const-strings -no-multiline -warn-protos -double-size-32 -swc -gnu-style-dependencies -MD -Mo "system/adi_initialize.d" -o "system/adi_initialize.doj" "../system/adi_initialize.c"
'Finished building: ../system/adi_initialize.c'
' '
'Building file: ../src/project.c'
'Invoking: CrossCore SHARC C/C++ Compiler'
cc21k -c -file-attr ProjectName="project" -proc ADSP-21489 -flags-compiler --no_wrap_diagnostics -si-revision 0.2 -g -DCORE0 -D_DEBUG @includes-053fdfe95a233f7c8fb9f4a93ec8a990.txt -structs-do-not-overlap -no-const-strings -no-multiline -warn-protos -double-size-32 -swc -gnu-style-dependencies -MD -Mo "src/project.d" -o "src/project.doj" "../src/project.c"
'Finished building: ../src/project.c'
' '
'Building target: project.dxe'
'Invoking: CrossCore SHARC Linker'
cc21k -proc ADSP-21489 -si-revision 0.2 -T C:/Users/User/OneDrive/Desktop/final2/project/system/startup_ldf/app.ldf -no-mem -L C:/Users/User/OneDrive/Desktop/final2/project/Debug/system/startup_ldf -flags-link -MDCORE0,-MDDEBUG -add-debug-libpaths -o project.dxe @input-file.txt
'Finished building target: project.dxe'
' '
14:26:49 **** Incremental Build of configuration Debug for project project ****
make all 
'Building file: ../system/startup_ldf/app_IVT.s'
'Invoking: CrossCore SHARC Assembler'
easm21k -file-attr ProjectName="project" -proc ADSP-21489 -si-revision 0.2 -g -DCORE0 -D_DEBUG @includes-d4c4e9e707129e45ec10fba7d8ebfe91.txt -swc -gnu-style-dependencies -MM -Mo "system/startup_ldf/app_IVT.d" -o "system/startup_ldf/app_IVT.doj" "../system/startup_ldf/app_IVT.s"
'Finished building: ../system/startup_ldf/app_IVT.s'
' '
'Building file: ../system/startup_ldf/app_heaptab.c'
'Invoking: CrossCore SHARC C/C++ Compiler'
cc21k -c -file-attr ProjectName="project" -proc ADSP-21489 -flags-compiler --no_wrap_diagnostics -si-revision 0.2 -g -DCORE0 -D_DEBUG @includes-053fdfe95a233f7c8fb9f4a93ec8a990.txt -structs-do-not-overlap -no-const-strings -no-multiline -warn-protos -double-size-32 -swc -gnu-style-dependencies -MD -Mo "system/startup_ldf/app_heaptab.d" -o "system/startup_ldf/app_heaptab.doj" "../system/startup_ldf/app_heaptab.c"
'Finished building: ../system/startup_ldf/app_heaptab.c'
' '
'Building file: ../system/startup_ldf/app_startup.s'
'Invoking: CrossCore SHARC Assembler'
easm21k -file-attr ProjectName="project" -proc ADSP-21489 -si-revision 0.2 -g -DCORE0 -D_DEBUG @includes-d4c4e9e707129e45ec10fba7d8ebfe91.txt -swc -gnu-style-dependencies -MM -Mo "system/startup_ldf/app_startup.d" -o "system/startup_ldf/app_startup.doj" "../system/startup_ldf/app_startup.s"
'Finished building: ../system/startup_ldf/app_startup.s'
' '
'Building file: ../system/sru/sru_config.c'
'Invoking: CrossCore SHARC C/C++ Compiler'
cc21k -c -file-attr ProjectName="project" -proc ADSP-21489 -flags-compiler --no_wrap_diagnostics -si-revision 0.2 -g -DCORE0 -D_DEBUG @includes-053fdfe95a233f7c8fb9f4a93ec8a990.txt -structs-do-not-overlap -no-const-strings -no-multiline -warn-protos -double-size-32 -swc -gnu-style-dependencies -MD -Mo "system/sru/sru_config.d" -o "system/sru/sru_config.doj" "../system/sru/sru_config.c"
'Finished building: ../system/sru/sru_config.c'
' '
'Building file: ../system/adi_initialize.c'
'Invoking: CrossCore SHARC C/C++ Compiler'
cc21k -c -file-attr ProjectName="project" -proc ADSP-21489 -flags-compiler --no_wrap_diagnostics -si-revision 0.2 -g -DCORE0 -D_DEBUG @includes-053fdfe95a233f7c8fb9f4a93ec8a990.txt -structs-do-not-overlap -no-const-strings -no-multiline -warn-protos -double-size-32 -swc -gnu-style-dependencies -MD -Mo "system/adi_initialize.d" -o "system/adi_initialize.doj" "../system/adi_initialize.c"
'Finished building: ../system/adi_initialize.c'
' '
'Building file: ../src/project.c'
'Invoking: CrossCore SHARC C/C++ Compiler'
cc21k -c -file-attr ProjectName="project" -proc ADSP-21489 -flags-compiler --no_wrap_diagnostics -si-revision 0.2 -g -DCORE0 -D_DEBUG @includes-053fdfe95a233f7c8fb9f4a93ec8a990.txt -structs-do-not-overlap -no-const-strings -no-multiline -warn-protos -double-size-32 -swc -gnu-style-dependencies -MD -Mo "src/project.d" -o "src/project.doj" "../src/project.c"
'Finished building: ../src/project.c'
' '
'Building target: project.dxe'
'Invoking: CrossCore SHARC Linker'
cc21k -proc ADSP-21489 -si-revision 0.2 -T C:/Users/User/OneDrive/Desktop/final2/project/system/startup_ldf/app.ldf -no-mem -L C:/Users/User/OneDrive/Desktop/final2/project/Debug/system/startup_ldf -flags-link -MDCORE0,-MDDEBUG -add-debug-libpaths -o project.dxe @input-file.txt
'Finished building target: project.dxe'
' '
14:27:04 **** Incremental Build of configuration Debug for project project ****
make all 
'Building file: ../system/startup_ldf/app_IVT.s'
'Invoking: CrossCore SHARC Assembler'
easm21k -file-attr ProjectName="project" -proc ADSP-21489 -si-revision 0.2 -g -DCORE0 -D_DEBUG @includes-d4c4e9e707129e45ec10fba7d8ebfe91.txt -swc -gnu-style-dependencies -MM -Mo "system/startup_ldf/app_IVT.d" -o "system/startup_ldf/app_IVT.doj" "../system/startup_ldf/app_IVT.s"
'Finished building: ../system/startup_ldf/app_IVT.s'
' '
'Building file: ../system/startup_ldf/app_heaptab.c'
'Invoking: CrossCore SHARC C/C++ Compiler'
cc21k -c -file-attr ProjectName="project" -proc ADSP-21489 -flags-compiler --no_wrap_diagnostics -si-revision 0.2 -g -DCORE0 -D_DEBUG @includes-053fdfe95a233f7c8fb9f4a93ec8a990.txt -structs-do-not-overlap -no-const-strings -no-multiline -warn-protos -double-size-32 -swc -gnu-style-dependencies -MD -Mo "system/startup_ldf/app_heaptab.d" -o "system/startup_ldf/app_heaptab.doj" "../system/startup_ldf/app_heaptab.c"
'Finished building: ../system/startup_ldf/app_heaptab.c'
' '
'Building file: ../system/startup_ldf/app_startup.s'
'Invoking: CrossCore SHARC Assembler'
easm21k -file-attr ProjectName="project" -proc ADSP-21489 -si-revision 0.2 -g -DCORE0 -D_DEBUG @includes-d4c4e9e707129e45ec10fba7d8ebfe91.txt -swc -gnu-style-dependencies -MM -Mo "system/startup_ldf/app_startup.d" -o "system/startup_ldf/app_startup.doj" "../system/startup_ldf/app_startup.s"
'Finished building: ../system/startup_ldf/app_startup.s'
' '
'Building file: ../system/sru/sru_config.c'
'Invoking: CrossCore SHARC C/C++ Compiler'
cc21k -c -file-attr ProjectName="project" -proc ADSP-21489 -flags-compiler --no_wrap_diagnostics -si-revision 0.2 -g -DCORE0 -D_DEBUG @includes-053fdfe95a233f7c8fb9f4a93ec8a990.txt -structs-do-not-overlap -no-const-strings -no-multiline -warn-protos -double-size-32 -swc -gnu-style-dependencies -MD -Mo "system/sru/sru_config.d" -o "system/sru/sru_config.doj" "../system/sru/sru_config.c"
'Finished building: ../system/sru/sru_config.c'
' '
'Building file: ../system/adi_initialize.c'
'Invoking: CrossCore SHARC C/C++ Compiler'
cc21k -c -file-attr ProjectName="project" -proc ADSP-21489 -flags-compiler --no_wrap_diagnostics -si-revision 0.2 -g -DCORE0 -D_DEBUG @includes-053fdfe95a233f7c8fb9f4a93ec8a990.txt -structs-do-not-overlap -no-const-strings -no-multiline -warn-protos -double-size-32 -swc -gnu-style-dependencies -MD -Mo "system/adi_initialize.d" -o "system/adi_initialize.doj" "../system/adi_initialize.c"
'Finished building: ../system/adi_initialize.c'
' '
'Building file: ../src/project.c'
'Invoking: CrossCore SHARC C/C++ Compiler'
cc21k -c -file-attr ProjectName="project" -proc ADSP-21489 -flags-compiler --no_wrap_diagnostics -si-revision 0.2 -g -DCORE0 -D_DEBUG @includes-053fdfe95a233f7c8fb9f4a93ec8a990.txt -structs-do-not-overlap -no-const-strings -no-multiline -warn-protos -double-size-32 -swc -gnu-style-dependencies -MD -Mo "src/project.d" -o "src/project.doj" "../src/project.c"
'Finished building: ../src/project.c'
' '
'Building target: project.dxe'
'Invoking: CrossCore SHARC Linker'
cc21k -proc ADSP-21489 -si-revision 0.2 -T C:/Users/User/OneDrive/Desktop/final2/project/system/startup_ldf/app.ldf -no-mem -L C:/Users/User/OneDrive/Desktop/final2/project/Debug/system/startup_ldf -flags-link -MDCORE0,-MDDEBUG -add-debug-libpaths -o project.dxe @input-file.txt
'Finished building target: project.dxe'
' '
14:28:03 **** Incremental Build of configuration Debug for project project ****
make all 
'Building file: ../system/startup_ldf/app_IVT.s'
'Invoking: CrossCore SHARC Assembler'
easm21k -file-attr ProjectName="project" -proc ADSP-21489 -si-revision 0.2 -g -DCORE0 -D_DEBUG @includes-d4c4e9e707129e45ec10fba7d8ebfe91.txt -swc -gnu-style-dependencies -MM -Mo "system/startup_ldf/app_IVT.d" -o "system/startup_ldf/app_IVT.doj" "../system/startup_ldf/app_IVT.s"
'Finished building: ../system/startup_ldf/app_IVT.s'
' '
'Building file: ../system/startup_ldf/app_heaptab.c'
'Invoking: CrossCore SHARC C/C++ Compiler'
cc21k -c -file-attr ProjectName="project" -proc ADSP-21489 -flags-compiler --no_wrap_diagnostics -si-revision 0.2 -g -DCORE0 -D_DEBUG @includes-053fdfe95a233f7c8fb9f4a93ec8a990.txt -structs-do-not-overlap -no-const-strings -no-multiline -warn-protos -double-size-32 -swc -gnu-style-dependencies -MD -Mo "system/startup_ldf/app_heaptab.d" -o "system/startup_ldf/app_heaptab.doj" "../system/startup_ldf/app_heaptab.c"
'Finished building: ../system/startup_ldf/app_heaptab.c'
' '
'Building file: ../system/startup_ldf/app_startup.s'
'Invoking: CrossCore SHARC Assembler'
easm21k -file-attr ProjectName="project" -proc ADSP-21489 -si-revision 0.2 -g -DCORE0 -D_DEBUG @includes-d4c4e9e707129e45ec10fba7d8ebfe91.txt -swc -gnu-style-dependencies -MM -Mo "system/startup_ldf/app_startup.d" -o "system/startup_ldf/app_startup.doj" "../system/startup_ldf/app_startup.s"
'Finished building: ../system/startup_ldf/app_startup.s'
' '
'Building file: ../system/sru/sru_config.c'
'Invoking: CrossCore SHARC C/C++ Compiler'
cc21k -c -file-attr ProjectName="project" -proc ADSP-21489 -flags-compiler --no_wrap_diagnostics -si-revision 0.2 -g -DCORE0 -D_DEBUG @includes-053fdfe95a233f7c8fb9f4a93ec8a990.txt -structs-do-not-overlap -no-const-strings -no-multiline -warn-protos -double-size-32 -swc -gnu-style-dependencies -MD -Mo "system/sru/sru_config.d" -o "system/sru/sru_config.doj" "../system/sru/sru_config.c"
'Finished building: ../system/sru/sru_config.c'
' '
'Building file: ../system/adi_initialize.c'
'Invoking: CrossCore SHARC C/C++ Compiler'
cc21k -c -file-attr ProjectName="project" -proc ADSP-21489 -flags-compiler --no_wrap_diagnostics -si-revision 0.2 -g -DCORE0 -D_DEBUG @includes-053fdfe95a233f7c8fb9f4a93ec8a990.txt -structs-do-not-overlap -no-const-strings -no-multiline -warn-protos -double-size-32 -swc -gnu-style-dependencies -MD -Mo "system/adi_initialize.d" -o "system/adi_initialize.doj" "../system/adi_initialize.c"
'Finished building: ../system/adi_initialize.c'
' '
'Building file: ../src/project.c'
'Invoking: CrossCore SHARC C/C++ Compiler'
cc21k -c -file-attr ProjectName="project" -proc ADSP-21489 -flags-compiler --no_wrap_diagnostics -si-revision 0.2 -g -DCORE0 -D_DEBUG @includes-053fdfe95a233f7c8fb9f4a93ec8a990.txt -structs-do-not-overlap -no-const-strings -no-multiline -warn-protos -double-size-32 -swc -gnu-style-dependencies -MD -Mo "src/project.d" -o "src/project.doj" "../src/project.c"
'Finished building: ../src/project.c'
' '
'Building target: project.dxe'
'Invoking: CrossCore SHARC Linker'
cc21k -proc ADSP-21489 -si-revision 0.2 -T C:/Users/User/OneDrive/Desktop/final2/project/system/startup_ldf/app.ldf -no-mem -L C:/Users/User/OneDrive/Desktop/final2/project/Debug/system/startup_ldf -flags-link -MDCORE0,-MDDEBUG -add-debug-libpaths -o project.dxe @input-file.txt
'Finished building target: project.dxe'
' '
14:28:13 **** Incremental Build of configuration Debug for project project ****
make all 
'Building file: ../system/startup_ldf/app_IVT.s'
'Invoking: CrossCore SHARC Assembler'
easm21k -file-attr ProjectName="project" -proc ADSP-21489 -si-revision 0.2 -g -DCORE0 -D_DEBUG @includes-d4c4e9e707129e45ec10fba7d8ebfe91.txt -swc -gnu-style-dependencies -MM -Mo "system/startup_ldf/app_IVT.d" -o "system/startup_ldf/app_IVT.doj" "../system/startup_ldf/app_IVT.s"
'Finished building: ../system/startup_ldf/app_IVT.s'
' '
'Building file: ../system/startup_ldf/app_heaptab.c'
'Invoking: CrossCore SHARC C/C++ Compiler'
cc21k -c -file-attr ProjectName="project" -proc ADSP-21489 -flags-compiler --no_wrap_diagnostics -si-revision 0.2 -g -DCORE0 -D_DEBUG @includes-053fdfe95a233f7c8fb9f4a93ec8a990.txt -structs-do-not-overlap -no-const-strings -no-multiline -warn-protos -double-size-32 -swc -gnu-style-dependencies -MD -Mo "system/startup_ldf/app_heaptab.d" -o "system/startup_ldf/app_heaptab.doj" "../system/startup_ldf/app_heaptab.c"
'Finished building: ../system/startup_ldf/app_heaptab.c'
' '
'Building file: ../system/startup_ldf/app_startup.s'
'Invoking: CrossCore SHARC Assembler'
easm21k -file-attr ProjectName="project" -proc ADSP-21489 -si-revision 0.2 -g -DCORE0 -D_DEBUG @includes-d4c4e9e707129e45ec10fba7d8ebfe91.txt -swc -gnu-style-dependencies -MM -Mo "system/startup_ldf/app_startup.d" -o "system/startup_ldf/app_startup.doj" "../system/startup_ldf/app_startup.s"
'Finished building: ../system/startup_ldf/app_startup.s'
' '
'Building file: ../system/sru/sru_config.c'
'Invoking: CrossCore SHARC C/C++ Compiler'
cc21k -c -file-attr ProjectName="project" -proc ADSP-21489 -flags-compiler --no_wrap_diagnostics -si-revision 0.2 -g -DCORE0 -D_DEBUG @includes-053fdfe95a233f7c8fb9f4a93ec8a990.txt -structs-do-not-overlap -no-const-strings -no-multiline -warn-protos -double-size-32 -swc -gnu-style-dependencies -MD -Mo "system/sru/sru_config.d" -o "system/sru/sru_config.doj" "../system/sru/sru_config.c"
'Finished building: ../system/sru/sru_config.c'
' '
'Building file: ../system/adi_initialize.c'
'Invoking: CrossCore SHARC C/C++ Compiler'
cc21k -c -file-attr ProjectName="project" -proc ADSP-21489 -flags-compiler --no_wrap_diagnostics -si-revision 0.2 -g -DCORE0 -D_DEBUG @includes-053fdfe95a233f7c8fb9f4a93ec8a990.txt -structs-do-not-overlap -no-const-strings -no-multiline -warn-protos -double-size-32 -swc -gnu-style-dependencies -MD -Mo "system/adi_initialize.d" -o "system/adi_initialize.doj" "../system/adi_initialize.c"
'Finished building: ../system/adi_initialize.c'
' '
'Building file: ../src/project.c'
'Invoking: CrossCore SHARC C/C++ Compiler'
cc21k -c -file-attr ProjectName="project" -proc ADSP-21489 -flags-compiler --no_wrap_diagnostics -si-revision 0.2 -g -DCORE0 -D_DEBUG @includes-053fdfe95a233f7c8fb9f4a93ec8a990.txt -structs-do-not-overlap -no-const-strings -no-multiline -warn-protos -double-size-32 -swc -gnu-style-dependencies -MD -Mo "src/project.d" -o "src/project.doj" "../src/project.c"
'Finished building: ../src/project.c'
' '
'Building target: project.dxe'
'Invoking: CrossCore SHARC Linker'
cc21k -proc ADSP-21489 -si-revision 0.2 -T C:/Users/User/OneDrive/Desktop/final2/project/system/startup_ldf/app.ldf -no-mem -L C:/Users/User/OneDrive/Desktop/final2/project/Debug/system/startup_ldf -flags-link -MDCORE0,-MDDEBUG -add-debug-libpaths -o project.dxe @input-file.txt
'Finished building target: project.dxe'
' '
14:30:07 **** Incremental Build of configuration Debug for project project ****
make all 
'Building file: ../system/startup_ldf/app_IVT.s'
'Invoking: CrossCore SHARC Assembler'
easm21k -file-attr ProjectName="project" -proc ADSP-21489 -si-revision 0.2 -g -DCORE0 -D_DEBUG @includes-d4c4e9e707129e45ec10fba7d8ebfe91.txt -swc -gnu-style-dependencies -MM -Mo "system/startup_ldf/app_IVT.d" -o "system/startup_ldf/app_IVT.doj" "../system/startup_ldf/app_IVT.s"
'Finished building: ../system/startup_ldf/app_IVT.s'
' '
'Building file: ../system/startup_ldf/app_heaptab.c'
'Invoking: CrossCore SHARC C/C++ Compiler'
cc21k -c -file-attr ProjectName="project" -proc ADSP-21489 -flags-compiler --no_wrap_diagnostics -si-revision 0.2 -g -DCORE0 -DDO_CYCLE_COUNTS -D_DEBUG @includes-053fdfe95a233f7c8fb9f4a93ec8a990.txt -structs-do-not-overlap -no-const-strings -no-multiline -warn-protos -double-size-32 -swc -gnu-style-dependencies -MD -Mo "system/startup_ldf/app_heaptab.d" -o "system/startup_ldf/app_heaptab.doj" "../system/startup_ldf/app_heaptab.c"
'Finished building: ../system/startup_ldf/app_heaptab.c'
' '
'Building file: ../system/startup_ldf/app_startup.s'
'Invoking: CrossCore SHARC Assembler'
easm21k -file-attr ProjectName="project" -proc ADSP-21489 -si-revision 0.2 -g -DCORE0 -D_DEBUG @includes-d4c4e9e707129e45ec10fba7d8ebfe91.txt -swc -gnu-style-dependencies -MM -Mo "system/startup_ldf/app_startup.d" -o "system/startup_ldf/app_startup.doj" "../system/startup_ldf/app_startup.s"
'Finished building: ../system/startup_ldf/app_startup.s'
' '
'Building file: ../system/sru/sru_config.c'
'Invoking: CrossCore SHARC C/C++ Compiler'
cc21k -c -file-attr ProjectName="project" -proc ADSP-21489 -flags-compiler --no_wrap_diagnostics -si-revision 0.2 -g -DCORE0 -DDO_CYCLE_COUNTS -D_DEBUG @includes-053fdfe95a233f7c8fb9f4a93ec8a990.txt -structs-do-not-overlap -no-const-strings -no-multiline -warn-protos -double-size-32 -swc -gnu-style-dependencies -MD -Mo "system/sru/sru_config.d" -o "system/sru/sru_config.doj" "../system/sru/sru_config.c"
'Finished building: ../system/sru/sru_config.c'
' '
'Building file: ../system/adi_initialize.c'
'Invoking: CrossCore SHARC C/C++ Compiler'
cc21k -c -file-attr ProjectName="project" -proc ADSP-21489 -flags-compiler --no_wrap_diagnostics -si-revision 0.2 -g -DCORE0 -DDO_CYCLE_COUNTS -D_DEBUG @includes-053fdfe95a233f7c8fb9f4a93ec8a990.txt -structs-do-not-overlap -no-const-strings -no-multiline -warn-protos -double-size-32 -swc -gnu-style-dependencies -MD -Mo "system/adi_initialize.d" -o "system/adi_initialize.doj" "../system/adi_initialize.c"
'Finished building: ../system/adi_initialize.c'
' '
'Building file: ../src/project.c'
'Invoking: CrossCore SHARC C/C++ Compiler'
cc21k -c -file-attr ProjectName="project" -proc ADSP-21489 -flags-compiler --no_wrap_diagnostics -si-revision 0.2 -g -DCORE0 -DDO_CYCLE_COUNTS -D_DEBUG @includes-053fdfe95a233f7c8fb9f4a93ec8a990.txt -structs-do-not-overlap -no-const-strings -no-multiline -warn-protos -double-size-32 -swc -gnu-style-dependencies -MD -Mo "src/project.d" -o "src/project.doj" "../src/project.c"
'Finished building: ../src/project.c'
' '
'Building target: project.dxe'
'Invoking: CrossCore SHARC Linker'
cc21k -proc ADSP-21489 -si-revision 0.2 -T C:/Users/User/OneDrive/Desktop/final2/project/system/startup_ldf/app.ldf -no-mem -L C:/Users/User/OneDrive/Desktop/final2/project/Debug/system/startup_ldf -flags-link -MDCORE0,-MDDEBUG -add-debug-libpaths -o project.dxe @input-file.txt
'Finished building target: project.dxe'
' '
14:30:19 **** Incremental Build of configuration Debug for project project ****
make all 
'Building file: ../system/startup_ldf/app_IVT.s'
'Invoking: CrossCore SHARC Assembler'
easm21k -file-attr ProjectName="project" -proc ADSP-21489 -si-revision 0.2 -g -DCORE0 -D_DEBUG @includes-d4c4e9e707129e45ec10fba7d8ebfe91.txt -swc -gnu-style-dependencies -MM -Mo "system/startup_ldf/app_IVT.d" -o "system/startup_ldf/app_IVT.doj" "../system/startup_ldf/app_IVT.s"
'Finished building: ../system/startup_ldf/app_IVT.s'
' '
'Building file: ../system/startup_ldf/app_heaptab.c'
'Invoking: CrossCore SHARC C/C++ Compiler'
cc21k -c -file-attr ProjectName="project" -proc ADSP-21489 -flags-compiler --no_wrap_diagnostics -si-revision 0.2 -g -DCORE0 -DDO_CYCLE_COUNTS -D_DEBUG @includes-053fdfe95a233f7c8fb9f4a93ec8a990.txt -structs-do-not-overlap -no-const-strings -no-multiline -warn-protos -double-size-32 -swc -gnu-style-dependencies -MD -Mo "system/startup_ldf/app_heaptab.d" -o "system/startup_ldf/app_heaptab.doj" "../system/startup_ldf/app_heaptab.c"
'Finished building: ../system/startup_ldf/app_heaptab.c'
' '
'Building file: ../system/startup_ldf/app_startup.s'
'Invoking: CrossCore SHARC Assembler'
easm21k -file-attr ProjectName="project" -proc ADSP-21489 -si-revision 0.2 -g -DCORE0 -D_DEBUG @includes-d4c4e9e707129e45ec10fba7d8ebfe91.txt -swc -gnu-style-dependencies -MM -Mo "system/startup_ldf/app_startup.d" -o "system/startup_ldf/app_startup.doj" "../system/startup_ldf/app_startup.s"
'Finished building: ../system/startup_ldf/app_startup.s'
' '
'Building file: ../system/sru/sru_config.c'
'Invoking: CrossCore SHARC C/C++ Compiler'
cc21k -c -file-attr ProjectName="project" -proc ADSP-21489 -flags-compiler --no_wrap_diagnostics -si-revision 0.2 -g -DCORE0 -DDO_CYCLE_COUNTS -D_DEBUG @includes-053fdfe95a233f7c8fb9f4a93ec8a990.txt -structs-do-not-overlap -no-const-strings -no-multiline -warn-protos -double-size-32 -swc -gnu-style-dependencies -MD -Mo "system/sru/sru_config.d" -o "system/sru/sru_config.doj" "../system/sru/sru_config.c"
'Finished building: ../system/sru/sru_config.c'
' '
'Building file: ../system/adi_initialize.c'
'Invoking: CrossCore SHARC C/C++ Compiler'
cc21k -c -file-attr ProjectName="project" -proc ADSP-21489 -flags-compiler --no_wrap_diagnostics -si-revision 0.2 -g -DCORE0 -DDO_CYCLE_COUNTS -D_DEBUG @includes-053fdfe95a233f7c8fb9f4a93ec8a990.txt -structs-do-not-overlap -no-const-strings -no-multiline -warn-protos -double-size-32 -swc -gnu-style-dependencies -MD -Mo "system/adi_initialize.d" -o "system/adi_initialize.doj" "../system/adi_initialize.c"
'Finished building: ../system/adi_initialize.c'
' '
'Building file: ../src/project.c'
'Invoking: CrossCore SHARC C/C++ Compiler'
cc21k -c -file-attr ProjectName="project" -proc ADSP-21489 -flags-compiler --no_wrap_diagnostics -si-revision 0.2 -g -DCORE0 -DDO_CYCLE_COUNTS -D_DEBUG @includes-053fdfe95a233f7c8fb9f4a93ec8a990.txt -structs-do-not-overlap -no-const-strings -no-multiline -warn-protos -double-size-32 -swc -gnu-style-dependencies -MD -Mo "src/project.d" -o "src/project.doj" "../src/project.c"
'Finished building: ../src/project.c'
' '
'Building target: project.dxe'
'Invoking: CrossCore SHARC Linker'
cc21k -proc ADSP-21489 -si-revision 0.2 -T C:/Users/User/OneDrive/Desktop/final2/project/system/startup_ldf/app.ldf -no-mem -L C:/Users/User/OneDrive/Desktop/final2/project/Debug/system/startup_ldf -flags-link -MDCORE0,-MDDEBUG -add-debug-libpaths -o project.dxe @input-file.txt
'Finished building target: project.dxe'
' '
14:31:41 **** Incremental Build of configuration Debug for project project ****
make all 
'Building file: ../system/startup_ldf/app_IVT.s'
'Invoking: CrossCore SHARC Assembler'
easm21k -file-attr ProjectName="project" -proc ADSP-21489 -si-revision 0.2 -g -DCORE0 -D_DEBUG @includes-d4c4e9e707129e45ec10fba7d8ebfe91.txt -swc -gnu-style-dependencies -MM -Mo "system/startup_ldf/app_IVT.d" -o "system/startup_ldf/app_IVT.doj" "../system/startup_ldf/app_IVT.s"
'Finished building: ../system/startup_ldf/app_IVT.s'
' '
'Building file: ../system/startup_ldf/app_heaptab.c'
'Invoking: CrossCore SHARC C/C++ Compiler'
cc21k -c -file-attr ProjectName="project" -proc ADSP-21489 -flags-compiler --no_wrap_diagnostics -si-revision 0.2 -g -DCORE0 -DDO_CYCLE_COUNTS -D_DEBUG @includes-053fdfe95a233f7c8fb9f4a93ec8a990.txt -structs-do-not-overlap -no-const-strings -no-multiline -warn-protos -double-size-32 -swc -gnu-style-dependencies -MD -Mo "system/startup_ldf/app_heaptab.d" -o "system/startup_ldf/app_heaptab.doj" "../system/startup_ldf/app_heaptab.c"
'Finished building: ../system/startup_ldf/app_heaptab.c'
' '
'Building file: ../system/startup_ldf/app_startup.s'
'Invoking: CrossCore SHARC Assembler'
easm21k -file-attr ProjectName="project" -proc ADSP-21489 -si-revision 0.2 -g -DCORE0 -D_DEBUG @includes-d4c4e9e707129e45ec10fba7d8ebfe91.txt -swc -gnu-style-dependencies -MM -Mo "system/startup_ldf/app_startup.d" -o "system/startup_ldf/app_startup.doj" "../system/startup_ldf/app_startup.s"
'Finished building: ../system/startup_ldf/app_startup.s'
' '
'Building file: ../system/sru/sru_config.c'
'Invoking: CrossCore SHARC C/C++ Compiler'
cc21k -c -file-attr ProjectName="project" -proc ADSP-21489 -flags-compiler --no_wrap_diagnostics -si-revision 0.2 -g -DCORE0 -DDO_CYCLE_COUNTS -D_DEBUG @includes-053fdfe95a233f7c8fb9f4a93ec8a990.txt -structs-do-not-overlap -no-const-strings -no-multiline -warn-protos -double-size-32 -swc -gnu-style-dependencies -MD -Mo "system/sru/sru_config.d" -o "system/sru/sru_config.doj" "../system/sru/sru_config.c"
'Finished building: ../system/sru/sru_config.c'
' '
'Building file: ../system/adi_initialize.c'
'Invoking: CrossCore SHARC C/C++ Compiler'
cc21k -c -file-attr ProjectName="project" -proc ADSP-21489 -flags-compiler --no_wrap_diagnostics -si-revision 0.2 -g -DCORE0 -DDO_CYCLE_COUNTS -D_DEBUG @includes-053fdfe95a233f7c8fb9f4a93ec8a990.txt -structs-do-not-overlap -no-const-strings -no-multiline -warn-protos -double-size-32 -swc -gnu-style-dependencies -MD -Mo "system/adi_initialize.d" -o "system/adi_initialize.doj" "../system/adi_initialize.c"
'Finished building: ../system/adi_initialize.c'
' '
'Building file: ../src/project.c'
'Invoking: CrossCore SHARC C/C++ Compiler'
cc21k -c -file-attr ProjectName="project" -proc ADSP-21489 -flags-compiler --no_wrap_diagnostics -si-revision 0.2 -g -DCORE0 -DDO_CYCLE_COUNTS -D_DEBUG @includes-053fdfe95a233f7c8fb9f4a93ec8a990.txt -structs-do-not-overlap -no-const-strings -no-multiline -warn-protos -double-size-32 -swc -gnu-style-dependencies -MD -Mo "src/project.d" -o "src/project.doj" "../src/project.c"
'Finished building: ../src/project.c'
' '
'Building target: project.dxe'
'Invoking: CrossCore SHARC Linker'
cc21k -proc ADSP-21489 -si-revision 0.2 -T C:/Users/User/OneDrive/Desktop/final2/project/system/startup_ldf/app.ldf -no-mem -L C:/Users/User/OneDrive/Desktop/final2/project/Debug/system/startup_ldf -flags-link -MDCORE0,-MDDEBUG -add-debug-libpaths -o project.dxe @input-file.txt
'Finished building target: project.dxe'
' '
14:32:39 **** Incremental Build of configuration Debug for project project ****
make all 
'Building file: ../system/startup_ldf/app_IVT.s'
'Invoking: CrossCore SHARC Assembler'
easm21k -file-attr ProjectName="project" -proc ADSP-21489 -si-revision 0.2 -g -DCORE0 -D_DEBUG @includes-d4c4e9e707129e45ec10fba7d8ebfe91.txt -swc -gnu-style-dependencies -MM -Mo "system/startup_ldf/app_IVT.d" -o "system/startup_ldf/app_IVT.doj" "../system/startup_ldf/app_IVT.s"
'Finished building: ../system/startup_ldf/app_IVT.s'
' '
'Building file: ../system/startup_ldf/app_heaptab.c'
'Invoking: CrossCore SHARC C/C++ Compiler'
cc21k -c -file-attr ProjectName="project" -proc ADSP-21489 -flags-compiler --no_wrap_diagnostics -si-revision 0.2 -g -DCORE0 -DDO_CYCLE_COUNTS -D_DEBUG @includes-053fdfe95a233f7c8fb9f4a93ec8a990.txt -structs-do-not-overlap -no-const-strings -no-multiline -warn-protos -double-size-32 -swc -gnu-style-dependencies -MD -Mo "system/startup_ldf/app_heaptab.d" -o "system/startup_ldf/app_heaptab.doj" "../system/startup_ldf/app_heaptab.c"
'Finished building: ../system/startup_ldf/app_heaptab.c'
' '
'Building file: ../system/startup_ldf/app_startup.s'
'Invoking: CrossCore SHARC Assembler'
easm21k -file-attr ProjectName="project" -proc ADSP-21489 -si-revision 0.2 -g -DCORE0 -D_DEBUG @includes-d4c4e9e707129e45ec10fba7d8ebfe91.txt -swc -gnu-style-dependencies -MM -Mo "system/startup_ldf/app_startup.d" -o "system/startup_ldf/app_startup.doj" "../system/startup_ldf/app_startup.s"
'Finished building: ../system/startup_ldf/app_startup.s'
' '
'Building file: ../system/sru/sru_config.c'
'Invoking: CrossCore SHARC C/C++ Compiler'
cc21k -c -file-attr ProjectName="project" -proc ADSP-21489 -flags-compiler --no_wrap_diagnostics -si-revision 0.2 -g -DCORE0 -DDO_CYCLE_COUNTS -D_DEBUG @includes-053fdfe95a233f7c8fb9f4a93ec8a990.txt -structs-do-not-overlap -no-const-strings -no-multiline -warn-protos -double-size-32 -swc -gnu-style-dependencies -MD -Mo "system/sru/sru_config.d" -o "system/sru/sru_config.doj" "../system/sru/sru_config.c"
'Finished building: ../system/sru/sru_config.c'
' '
'Building file: ../system/adi_initialize.c'
'Invoking: CrossCore SHARC C/C++ Compiler'
cc21k -c -file-attr ProjectName="project" -proc ADSP-21489 -flags-compiler --no_wrap_diagnostics -si-revision 0.2 -g -DCORE0 -DDO_CYCLE_COUNTS -D_DEBUG @includes-053fdfe95a233f7c8fb9f4a93ec8a990.txt -structs-do-not-overlap -no-const-strings -no-multiline -warn-protos -double-size-32 -swc -gnu-style-dependencies -MD -Mo "system/adi_initialize.d" -o "system/adi_initialize.doj" "../system/adi_initialize.c"
'Finished building: ../system/adi_initialize.c'
' '
'Building file: ../src/project.c'
'Invoking: CrossCore SHARC C/C++ Compiler'
cc21k -c -file-attr ProjectName="project" -proc ADSP-21489 -flags-compiler --no_wrap_diagnostics -si-revision 0.2 -g -DCORE0 -DDO_CYCLE_COUNTS -D_DEBUG @includes-053fdfe95a233f7c8fb9f4a93ec8a990.txt -structs-do-not-overlap -no-const-strings -no-multiline -warn-protos -double-size-32 -swc -gnu-style-dependencies -MD -Mo "src/project.d" -o "src/project.doj" "../src/project.c"
'Finished building: ../src/project.c'
' '
'Building target: project.dxe'
'Invoking: CrossCore SHARC Linker'
cc21k -proc ADSP-21489 -si-revision 0.2 -T C:/Users/User/OneDrive/Desktop/final2/project/system/startup_ldf/app.ldf -no-mem -L C:/Users/User/OneDrive/Desktop/final2/project/Debug/system/startup_ldf -flags-link -MDCORE0,-MDDEBUG -add-debug-libpaths -o project.dxe @input-file.txt
'Finished building target: project.dxe'
' '
14:32:49 **** Incremental Build of configuration Debug for project project ****
make all 
'Building file: ../system/startup_ldf/app_IVT.s'
'Invoking: CrossCore SHARC Assembler'
easm21k -file-attr ProjectName="project" -proc ADSP-21489 -si-revision 0.2 -g -DCORE0 -D_DEBUG @includes-d4c4e9e707129e45ec10fba7d8ebfe91.txt -swc -gnu-style-dependencies -MM -Mo "system/startup_ldf/app_IVT.d" -o "system/startup_ldf/app_IVT.doj" "../system/startup_ldf/app_IVT.s"
'Finished building: ../system/startup_ldf/app_IVT.s'
' '
'Building file: ../system/startup_ldf/app_heaptab.c'
'Invoking: CrossCore SHARC C/C++ Compiler'
cc21k -c -file-attr ProjectName="project" -proc ADSP-21489 -flags-compiler --no_wrap_diagnostics -si-revision 0.2 -g -DCORE0 -DDO_CYCLE_COUNTS -D_DEBUG @includes-053fdfe95a233f7c8fb9f4a93ec8a990.txt -structs-do-not-overlap -no-const-strings -no-multiline -warn-protos -double-size-32 -swc -gnu-style-dependencies -MD -Mo "system/startup_ldf/app_heaptab.d" -o "system/startup_ldf/app_heaptab.doj" "../system/startup_ldf/app_heaptab.c"
'Finished building: ../system/startup_ldf/app_heaptab.c'
' '
'Building file: ../system/startup_ldf/app_startup.s'
'Invoking: CrossCore SHARC Assembler'
easm21k -file-attr ProjectName="project" -proc ADSP-21489 -si-revision 0.2 -g -DCORE0 -D_DEBUG @includes-d4c4e9e707129e45ec10fba7d8ebfe91.txt -swc -gnu-style-dependencies -MM -Mo "system/startup_ldf/app_startup.d" -o "system/startup_ldf/app_startup.doj" "../system/startup_ldf/app_startup.s"
'Finished building: ../system/startup_ldf/app_startup.s'
' '
'Building file: ../system/sru/sru_config.c'
'Invoking: CrossCore SHARC C/C++ Compiler'
cc21k -c -file-attr ProjectName="project" -proc ADSP-21489 -flags-compiler --no_wrap_diagnostics -si-revision 0.2 -g -DCORE0 -DDO_CYCLE_COUNTS -D_DEBUG @includes-053fdfe95a233f7c8fb9f4a93ec8a990.txt -structs-do-not-overlap -no-const-strings -no-multiline -warn-protos -double-size-32 -swc -gnu-style-dependencies -MD -Mo "system/sru/sru_config.d" -o "system/sru/sru_config.doj" "../system/sru/sru_config.c"
'Finished building: ../system/sru/sru_config.c'
' '
'Building file: ../system/adi_initialize.c'
'Invoking: CrossCore SHARC C/C++ Compiler'
cc21k -c -file-attr ProjectName="project" -proc ADSP-21489 -flags-compiler --no_wrap_diagnostics -si-revision 0.2 -g -DCORE0 -DDO_CYCLE_COUNTS -D_DEBUG @includes-053fdfe95a233f7c8fb9f4a93ec8a990.txt -structs-do-not-overlap -no-const-strings -no-multiline -warn-protos -double-size-32 -swc -gnu-style-dependencies -MD -Mo "system/adi_initialize.d" -o "system/adi_initialize.doj" "../system/adi_initialize.c"
'Finished building: ../system/adi_initialize.c'
' '
'Building file: ../src/project.c'
'Invoking: CrossCore SHARC C/C++ Compiler'
cc21k -c -file-attr ProjectName="project" -proc ADSP-21489 -flags-compiler --no_wrap_diagnostics -si-revision 0.2 -g -DCORE0 -DDO_CYCLE_COUNTS -D_DEBUG @includes-053fdfe95a233f7c8fb9f4a93ec8a990.txt -structs-do-not-overlap -no-const-strings -no-multiline -warn-protos -double-size-32 -swc -gnu-style-dependencies -MD -Mo "src/project.d" -o "src/project.doj" "../src/project.c"
'Finished building: ../src/project.c'
' '
'Building target: project.dxe'
'Invoking: CrossCore SHARC Linker'
cc21k -proc ADSP-21489 -si-revision 0.2 -T C:/Users/User/OneDrive/Desktop/final2/project/system/startup_ldf/app.ldf -no-mem -L C:/Users/User/OneDrive/Desktop/final2/project/Debug/system/startup_ldf -flags-link -MDCORE0,-MDDEBUG -add-debug-libpaths -o project.dxe @input-file.txt
'Finished building target: project.dxe'
' '
15:57:26 **** Incremental Build of configuration Debug for project project ****
make all 
'Building file: ../system/startup_ldf/app_IVT.s'
'Invoking: CrossCore SHARC Assembler'
easm21k -file-attr ProjectName="project" -proc ADSP-21489 -si-revision 0.2 -g -DCORE0 -D_DEBUG @includes-d4c4e9e707129e45ec10fba7d8ebfe91.txt -swc -gnu-style-dependencies -MM -Mo "system/startup_ldf/app_IVT.d" -o "system/startup_ldf/app_IVT.doj" "../system/startup_ldf/app_IVT.s"
'Finished building: ../system/startup_ldf/app_IVT.s'
' '
'Building file: ../system/startup_ldf/app_heaptab.c'
'Invoking: CrossCore SHARC C/C++ Compiler'
cc21k -c -file-attr ProjectName="project" -proc ADSP-21489 -flags-compiler --no_wrap_diagnostics -si-revision 0.2 -g -DCORE0 -DDO_CYCLE_COUNTS -D_DEBUG @includes-053fdfe95a233f7c8fb9f4a93ec8a990.txt -structs-do-not-overlap -no-const-strings -no-multiline -warn-protos -double-size-32 -swc -gnu-style-dependencies -MD -Mo "system/startup_ldf/app_heaptab.d" -o "system/startup_ldf/app_heaptab.doj" "../system/startup_ldf/app_heaptab.c"
'Finished building: ../system/startup_ldf/app_heaptab.c'
' '
'Building file: ../system/startup_ldf/app_startup.s'
'Invoking: CrossCore SHARC Assembler'
easm21k -file-attr ProjectName="project" -proc ADSP-21489 -si-revision 0.2 -g -DCORE0 -D_DEBUG @includes-d4c4e9e707129e45ec10fba7d8ebfe91.txt -swc -gnu-style-dependencies -MM -Mo "system/startup_ldf/app_startup.d" -o "system/startup_ldf/app_startup.doj" "../system/startup_ldf/app_startup.s"
'Finished building: ../system/startup_ldf/app_startup.s'
' '
'Building file: ../system/sru/sru_config.c'
'Invoking: CrossCore SHARC C/C++ Compiler'
cc21k -c -file-attr ProjectName="project" -proc ADSP-21489 -flags-compiler --no_wrap_diagnostics -si-revision 0.2 -g -DCORE0 -DDO_CYCLE_COUNTS -D_DEBUG @includes-053fdfe95a233f7c8fb9f4a93ec8a990.txt -structs-do-not-overlap -no-const-strings -no-multiline -warn-protos -double-size-32 -swc -gnu-style-dependencies -MD -Mo "system/sru/sru_config.d" -o "system/sru/sru_config.doj" "../system/sru/sru_config.c"
'Finished building: ../system/sru/sru_config.c'
' '
'Building file: ../system/adi_initialize.c'
'Invoking: CrossCore SHARC C/C++ Compiler'
cc21k -c -file-attr ProjectName="project" -proc ADSP-21489 -flags-compiler --no_wrap_diagnostics -si-revision 0.2 -g -DCORE0 -DDO_CYCLE_COUNTS -D_DEBUG @includes-053fdfe95a233f7c8fb9f4a93ec8a990.txt -structs-do-not-overlap -no-const-strings -no-multiline -warn-protos -double-size-32 -swc -gnu-style-dependencies -MD -Mo "system/adi_initialize.d" -o "system/adi_initialize.doj" "../system/adi_initialize.c"
'Finished building: ../system/adi_initialize.c'
' '
'Building file: ../src/project.c'
'Invoking: CrossCore SHARC C/C++ Compiler'
cc21k -c -file-attr ProjectName="project" -proc ADSP-21489 -flags-compiler --no_wrap_diagnostics -si-revision 0.2 -g -DCORE0 -DDO_CYCLE_COUNTS -D_DEBUG @includes-053fdfe95a233f7c8fb9f4a93ec8a990.txt -structs-do-not-overlap -no-const-strings -no-multiline -warn-protos -double-size-32 -swc -gnu-style-dependencies -MD -Mo "src/project.d" -o "src/project.doj" "../src/project.c"
'Finished building: ../src/project.c'
' '
'Building target: project.dxe'
'Invoking: CrossCore SHARC Linker'
cc21k -proc ADSP-21489 -si-revision 0.2 -T C:/Users/User/OneDrive/Desktop/final2/project/system/startup_ldf/app.ldf -no-mem -L C:/Users/User/OneDrive/Desktop/final2/project/Debug/system/startup_ldf -flags-link -MDCORE0,-MDDEBUG -add-debug-libpaths -o project.dxe @input-file.txt
'Finished building target: project.dxe'
' '
15:57:38 **** Incremental Build of configuration Debug for project project ****
make all 
'Building file: ../system/startup_ldf/app_IVT.s'
'Invoking: CrossCore SHARC Assembler'
easm21k -file-attr ProjectName="project" -proc ADSP-21489 -si-revision 0.2 -g -DCORE0 -D_DEBUG @includes-d4c4e9e707129e45ec10fba7d8ebfe91.txt -swc -gnu-style-dependencies -MM -Mo "system/startup_ldf/app_IVT.d" -o "system/startup_ldf/app_IVT.doj" "../system/startup_ldf/app_IVT.s"
'Finished building: ../system/startup_ldf/app_IVT.s'
' '
'Building file: ../system/startup_ldf/app_heaptab.c'
'Invoking: CrossCore SHARC C/C++ Compiler'
cc21k -c -file-attr ProjectName="project" -proc ADSP-21489 -flags-compiler --no_wrap_diagnostics -si-revision 0.2 -g -DCORE0 -DDO_CYCLE_COUNTS -D_DEBUG @includes-053fdfe95a233f7c8fb9f4a93ec8a990.txt -structs-do-not-overlap -no-const-strings -no-multiline -warn-protos -double-size-32 -swc -gnu-style-dependencies -MD -Mo "system/startup_ldf/app_heaptab.d" -o "system/startup_ldf/app_heaptab.doj" "../system/startup_ldf/app_heaptab.c"
'Finished building: ../system/startup_ldf/app_heaptab.c'
' '
'Building file: ../system/startup_ldf/app_startup.s'
'Invoking: CrossCore SHARC Assembler'
easm21k -file-attr ProjectName="project" -proc ADSP-21489 -si-revision 0.2 -g -DCORE0 -D_DEBUG @includes-d4c4e9e707129e45ec10fba7d8ebfe91.txt -swc -gnu-style-dependencies -MM -Mo "system/startup_ldf/app_startup.d" -o "system/startup_ldf/app_startup.doj" "../system/startup_ldf/app_startup.s"
'Finished building: ../system/startup_ldf/app_startup.s'
' '
'Building file: ../system/sru/sru_config.c'
'Invoking: CrossCore SHARC C/C++ Compiler'
cc21k -c -file-attr ProjectName="project" -proc ADSP-21489 -flags-compiler --no_wrap_diagnostics -si-revision 0.2 -g -DCORE0 -DDO_CYCLE_COUNTS -D_DEBUG @includes-053fdfe95a233f7c8fb9f4a93ec8a990.txt -structs-do-not-overlap -no-const-strings -no-multiline -warn-protos -double-size-32 -swc -gnu-style-dependencies -MD -Mo "system/sru/sru_config.d" -o "system/sru/sru_config.doj" "../system/sru/sru_config.c"
'Finished building: ../system/sru/sru_config.c'
' '
'Building file: ../system/adi_initialize.c'
'Invoking: CrossCore SHARC C/C++ Compiler'
cc21k -c -file-attr ProjectName="project" -proc ADSP-21489 -flags-compiler --no_wrap_diagnostics -si-revision 0.2 -g -DCORE0 -DDO_CYCLE_COUNTS -D_DEBUG @includes-053fdfe95a233f7c8fb9f4a93ec8a990.txt -structs-do-not-overlap -no-const-strings -no-multiline -warn-protos -double-size-32 -swc -gnu-style-dependencies -MD -Mo "system/adi_initialize.d" -o "system/adi_initialize.doj" "../system/adi_initialize.c"
'Finished building: ../system/adi_initialize.c'
' '
'Building file: ../src/project.c'
'Invoking: CrossCore SHARC C/C++ Compiler'
cc21k -c -file-attr ProjectName="project" -proc ADSP-21489 -flags-compiler --no_wrap_diagnostics -si-revision 0.2 -g -DCORE0 -DDO_CYCLE_COUNTS -D_DEBUG @includes-053fdfe95a233f7c8fb9f4a93ec8a990.txt -structs-do-not-overlap -no-const-strings -no-multiline -warn-protos -double-size-32 -swc -gnu-style-dependencies -MD -Mo "src/project.d" -o "src/project.doj" "../src/project.c"
'Finished building: ../src/project.c'
' '
'Building target: project.dxe'
'Invoking: CrossCore SHARC Linker'
cc21k -proc ADSP-21489 -si-revision 0.2 -T C:/Users/User/OneDrive/Desktop/final2/project/system/startup_ldf/app.ldf -no-mem -L C:/Users/User/OneDrive/Desktop/final2/project/Debug/system/startup_ldf -flags-link -MDCORE0,-MDDEBUG -add-debug-libpaths -o project.dxe @input-file.txt
'Finished building target: project.dxe'
' '
